This is pdfTeX, Version 3.14159265-2.6-1.40.21 (TeX Live 2020) (preloaded format=pdflatex 2020.4.7)  26 JUL 2021 21:04
entering extended mode
 restricted \write18 enabled.
 %&-line parsing enabled.
**bayes-SM-biometrics.tex
(./bayes-SM-biometrics.tex
LaTeX2e <2020-02-02> patch level 5
L3 programming layer <2020-03-06> (./biom.cls
Document Class: biom 2006/12/12 v2.2 LaTeX2e Biom document class
Document Style `Biom' v1.0, released 2006 December 12
\math@groups=\toks15
LaTeX Font Info:    Overwriting symbol font `symbols' in version `bold'
(Font)                  OMS/cmsy/b/n --> OMS/cmsy/b/n on input line 236.
\symUPM=\mathgroup4
LaTeX Font Info:    Overwriting symbol font `UPM' in version `bold'
(Font)                  U/eur/m/n --> U/eur/b/n on input line 273.
\symAMSa=\mathgroup5
\SFB@measure=\dimen134
\realparindent=\skip47
\c@part=\count167
\c@section=\count168
\c@subsection=\count169
\c@subsubsection=\count170
\c@paragraph=\count171
\c@subparagraph=\count172
\c@discounter=\count173
\@topalign=\dimen135
\Verticalskip=\dimen136
\@partialpageht=\dimen137
\store@outputbox=\box45
\storedboxheight=\dimen138
\@indentskip=\skip48
\smallindent=\skip49
\@footindent=\skip50
\@leftskip=\skip51
\absbox=\box46
\keywdbox=\box47
\c@emailcnt=\count174
\c@emailxcnt=\count175
\tempcount=\count176
(/usr/local/texlive/2020/texmf-dist/tex/latex/natbib/natbib.sty
Package: natbib 2010/09/13 8.31b (PWD, AO)
\bibhang=\skip52
\bibsep=\skip53
LaTeX Info: Redefining \cite on input line 694.
\c@NAT@ctr=\count177
)
\c@dummy=\count178
\c@table=\count179
\c@figure=\count180
\mathindent=\dimen139

(/usr/local/texlive/2020/texmf-dist/tex/latex/tools/theorem.sty
Package: theorem 2014/10/28 v2.2c Theorem extension package (FMi)
\theorem@style=\toks16
\theorem@bodyfont=\toks17
\theorempreskipamount=\skip54
\theorempostskipamount=\skip55

(/usr/local/texlive/2020/texmf-dist/tex/latex/tools/thp.sty
File: thp.sty 2014/10/28 v2.2c Theorem extension package (FMi)
))
\c@theorem=\count181
\c@theorem=\count182
\c@corollary=\count183
\c@fact=\count184
\c@property=\count185
\c@result=\count186
\c@lemma=\count187
\c@assumption=\count188
\c@case=\count189
\c@axiom=\count190
\c@change=\count191
\c@claim=\count192
\c@conjecture=\count193
\c@definition=\count194
\c@example=\count195
\c@formula=\count196
\c@hypothesis=\count197
\c@method=\count198
\c@model=\count199
\c@notation=\count266
\c@note=\count267
\c@objective=\count268
\c@observation=\count269
\c@principle=\count270
\c@problem=\count271
\c@procedure=\count272
\c@remark=\count273
\c@step=\count274
\theorempreskipamount=\skip56
\theorempostskipamount=\skip57

(/usr/local/texlive/2020/texmf-dist/tex/latex/endfloat/endfloat.sty
Package: endfloat 2019/04/15 v2.7 LaTeX2e package puts figures and tables at en
d (jdm)

(/usr/local/texlive/2020/texmf-dist/tex/latex/graphics/keyval.sty
Package: keyval 2014/10/28 v1.15 key=value parser (DPC)
\KV@toks@=\toks18
)
\c@postfigure=\count275
\efloat@postfff=\write3
\@ef@fffopen=\count276
\c@posttable=\count277
\efloat@postttt=\write4
\@ef@tttopen=\count278
))
(/usr/local/texlive/2020/texmf-dist/tex/latex/graphics/graphicx.sty
Package: graphicx 2019/11/30 v1.2a Enhanced LaTeX Graphics (DPC,SPQR)

(/usr/local/texlive/2020/texmf-dist/tex/latex/graphics/graphics.sty
Package: graphics 2019/11/30 v1.4a Standard LaTeX Graphics (DPC,SPQR)

(/usr/local/texlive/2020/texmf-dist/tex/latex/graphics/trig.sty
Package: trig 2016/01/03 v1.10 sin cos tan (DPC)
)
(/usr/local/texlive/2020/texmf-dist/tex/latex/graphics-cfg/graphics.cfg
File: graphics.cfg 2016/06/04 v1.11 sample graphics configuration
)
Package graphics Info: Driver file: pdftex.def on input line 105.

(/usr/local/texlive/2020/texmf-dist/tex/latex/graphics-def/pdftex.def
File: pdftex.def 2018/01/08 v1.0l Graphics/color driver for pdftex
))
\Gin@req@height=\dimen140
\Gin@req@width=\dimen141
)
(/usr/local/texlive/2020/texmf-dist/tex/latex/amsmath/amsmath.sty
Package: amsmath 2020/01/20 v2.17e AMS math features
\@mathmargin=\skip58

For additional information on amsmath, use the `?' option.
(/usr/local/texlive/2020/texmf-dist/tex/latex/amsmath/amstext.sty
Package: amstext 2000/06/29 v2.01 AMS text

(/usr/local/texlive/2020/texmf-dist/tex/latex/amsmath/amsgen.sty
File: amsgen.sty 1999/11/30 v2.0 generic functions
\@emptytoks=\toks19
\ex@=\dimen142
))
(/usr/local/texlive/2020/texmf-dist/tex/latex/amsmath/amsbsy.sty
Package: amsbsy 1999/11/29 v1.2d Bold Symbols
\pmbraise@=\dimen143
)
(/usr/local/texlive/2020/texmf-dist/tex/latex/amsmath/amsopn.sty
Package: amsopn 2016/03/08 v2.02 operator names
)
\inf@bad=\count279
LaTeX Info: Redefining \frac on input line 227.
\uproot@=\count280
\leftroot@=\count281
LaTeX Info: Redefining \overline on input line 389.
\classnum@=\count282
\DOTSCASE@=\count283
LaTeX Info: Redefining \ldots on input line 486.
LaTeX Info: Redefining \dots on input line 489.
LaTeX Info: Redefining \cdots on input line 610.
\Mathstrutbox@=\box48
\strutbox@=\box49
\big@size=\dimen144
LaTeX Font Info:    Redeclaring font encoding OML on input line 733.
LaTeX Font Info:    Redeclaring font encoding OMS on input line 734.
\macc@depth=\count284
\c@MaxMatrixCols=\count285
\dotsspace@=\muskip16
\c@parentequation=\count286
\dspbrk@lvl=\count287
\tag@help=\toks20
\row@=\count288
\column@=\count289
\maxfields@=\count290
\andhelp@=\toks21
\eqnshift@=\dimen145
\alignsep@=\dimen146
\tagshift@=\dimen147
\tagwidth@=\dimen148
\totwidth@=\dimen149
\lineht@=\dimen150
\@envbody=\toks22
\multlinegap=\skip59
\multlinetaggap=\skip60
\mathdisplay@stack=\toks23
LaTeX Info: Redefining \[ on input line 2859.
LaTeX Info: Redefining \] on input line 2860.
)
(/usr/local/texlive/2020/texmf-dist/tex/latex/amsfonts/amsfonts.sty
Package: amsfonts 2013/01/14 v3.01 Basic AMSFonts support
LaTeX Font Info:    Redeclaring symbol font `AMSa' on input line 59.
LaTeX Font Info:    Overwriting symbol font `AMSa' in version `normal'
(Font)                  U/msa/m/n --> U/msa/m/n on input line 59.
LaTeX Font Info:    Overwriting symbol font `AMSa' in version `bold'
(Font)                  U/msa/m/n --> U/msa/m/n on input line 59.
\symAMSb=\mathgroup6
LaTeX Font Info:    Redeclaring math symbol \hbar on input line 98.
LaTeX Font Info:    Overwriting math alphabet `\mathfrak' in version `bold'
(Font)                  U/euf/m/n --> U/euf/b/n on input line 106.
)
(/usr/local/texlive/2020/texmf-dist/tex/latex/xcolor/xcolor.sty
Package: xcolor 2016/05/11 v2.12 LaTeX color extensions (UK)

(/usr/local/texlive/2020/texmf-dist/tex/latex/graphics-cfg/color.cfg
File: color.cfg 2016/01/02 v1.6 sample color configuration
)
Package xcolor Info: Driver file: pdftex.def on input line 225.
Package xcolor Info: Model `cmy' substituted by `cmy0' on input line 1348.
Package xcolor Info: Model `hsb' substituted by `rgb' on input line 1352.
Package xcolor Info: Model `RGB' extended on input line 1364.
Package xcolor Info: Model `HTML' substituted by `rgb' on input line 1366.
Package xcolor Info: Model `Hsb' substituted by `hsb' on input line 1367.
Package xcolor Info: Model `tHsb' substituted by `hsb' on input line 1368.
Package xcolor Info: Model `HSB' substituted by `hsb' on input line 1369.
Package xcolor Info: Model `Gray' substituted by `gray' on input line 1370.
Package xcolor Info: Model `wave' substituted by `hsb' on input line 1371.
)
(/usr/local/texlive/2020/texmf-dist/tex/latex/l3backend/l3backend-pdfmode.def
File: l3backend-pdfmode.def 2020-03-12 L3 backend support: PDF mode
\l__kernel_color_stack_int=\count291
\l__pdf_internal_box=\box50
)
(./bayes-SM-biometrics.aux)
\openout1 = `bayes-SM-biometrics.aux'.

LaTeX Font Info:    Checking defaults for OML/cmm/m/it on input line 156.
LaTeX Font Info:    ... okay on input line 156.
LaTeX Font Info:    Checking defaults for OMS/cmsy/m/n on input line 156.
LaTeX Font Info:    ... okay on input line 156.
LaTeX Font Info:    Checking defaults for OT1/cmr/m/n on input line 156.
LaTeX Font Info:    ... okay on input line 156.
LaTeX Font Info:    Checking defaults for T1/cmr/m/n on input line 156.
LaTeX Font Info:    ... okay on input line 156.
LaTeX Font Info:    Checking defaults for TS1/cmr/m/n on input line 156.
LaTeX Font Info:    ... okay on input line 156.
LaTeX Font Info:    Checking defaults for OMX/cmex/m/n on input line 156.
LaTeX Font Info:    ... okay on input line 156.
LaTeX Font Info:    Checking defaults for U/cmr/m/n on input line 156.
LaTeX Font Info:    ... okay on input line 156.
 (./endrotfloat.sty
Package: endrotfloat 2007/01/23 v1.0 LaTeX2e package puts sideways figures and 
tables at end
)
(/usr/local/texlive/2020/texmf-dist/tex/context/base/mkii/supp-pdf.mkii
[Loading MPS to PDF converter (version 2006.09.02).]
\scratchcounter=\count292
\scratchdimen=\dimen151
\scratchbox=\box51
\nofMPsegments=\count293
\nofMParguments=\count294
\everyMPshowfont=\toks24
\MPscratchCnt=\count295
\MPscratchDim=\dimen152
\MPnumerator=\count296
\makeMPintoPDFobject=\count297
\everyMPtoPDFconversion=\toks25
) (/usr/local/texlive/2020/texmf-dist/tex/latex/epstopdf-pkg/epstopdf-base.sty
Package: epstopdf-base 2020-01-24 v2.11 Base part for package epstopdf
Package epstopdf-base Info: Redefining graphics rule for `.eps' on input line 4
85.

(/usr/local/texlive/2020/texmf-dist/tex/latex/latexconfig/epstopdf-sys.cfg
File: epstopdf-sys.cfg 2010/07/13 v1.3 Configuration of (r)epstopdf for TeX Liv
e
))
LaTeX Font Info:    Trying to load font information for U+eur on input line 227
.

(/usr/local/texlive/2020/texmf-dist/tex/latex/amsfonts/ueur.fd
File: ueur.fd 2013/01/14 v3.01 Euler Roman
)
LaTeX Font Info:    Trying to load font information for U+msa on input line 227
.

(/usr/local/texlive/2020/texmf-dist/tex/latex/amsfonts/umsa.fd
File: umsa.fd 2013/01/14 v3.01 AMS symbols A
)
LaTeX Font Info:    Trying to load font information for U+msb on input line 227
.

(/usr/local/texlive/2020/texmf-dist/tex/latex/amsfonts/umsb.fd
File: umsb.fd 2013/01/14 v3.01 AMS symbols B
)
Overfull \vbox (10.83334pt too high) has occurred while \output is active []


[1{/usr/local/texlive/2020/texmf-var/fonts/map/pdftex/updmap/pdftex.map}

]
Underfull \vbox (badness 10000) has occurred while \output is active []


Overfull \hbox (4.62497pt too wide) has occurred while \output is active
\OT1/cmr/m/n/9 1
 []

[1

]
Underfull \vbox (badness 10000) has occurred while \output is active []


Overfull \hbox (4.62497pt too wide) has occurred while \output is active
\OT1/cmr/m/n/9 2
 []

[2]
Underfull \vbox (badness 10000) has occurred while \output is active []


Overfull \hbox (4.62497pt too wide) has occurred while \output is active
\OT1/cmr/m/n/9 3
 []

[3]
Overfull \hbox (4.62497pt too wide) has occurred while \output is active
\OT1/cmr/m/n/9 4
 []

[4]
Overfull \hbox (4.62497pt too wide) has occurred while \output is active
\OT1/cmr/m/n/9 5
 []

[5]
Underfull \vbox (badness 10000) has occurred while \output is active []


Overfull \hbox (4.62497pt too wide) has occurred while \output is active
\OT1/cmr/m/n/9 6
 []

[6]
Underfull \vbox (badness 1803) has occurred while \output is active []


Overfull \hbox (4.62497pt too wide) has occurred while \output is active
\OT1/cmr/m/n/9 7
 []

[7]
Underfull \vbox (badness 10000) has occurred while \output is active []


Overfull \hbox (4.62497pt too wide) has occurred while \output is active
\OT1/cmr/m/n/9 8
 []

[8]
Overfull \hbox (4.62497pt too wide) has occurred while \output is active
\OT1/cmr/m/n/9 9
 []

[9]
\openout3 = `bayes-SM-biometrics.fff'.

 (bayes-SM-biometrics.fff)
Overfull \hbox (9.24994pt too wide) has occurred while \output is active
\OT1/cmr/m/n/9 10
 []

[10]
Underfull \vbox (badness 10000) has occurred while \output is active []


Overfull \hbox (9.24994pt too wide) has occurred while \output is active
\OT1/cmr/m/n/9 11
 []

[11]
Overfull \hbox (9.24994pt too wide) has occurred while \output is active
\OT1/cmr/m/n/9 12
 []

[12]
Underfull \vbox (badness 5607) has occurred while \output is active []


Overfull \hbox (9.24994pt too wide) has occurred while \output is active
\OT1/cmr/m/n/9 13
 []

[13]
Overfull \hbox (9.24994pt too wide) has occurred while \output is active
\OT1/cmr/m/n/9 14
 []

[14]
Overfull \hbox (9.24994pt too wide) has occurred while \output is active
\OT1/cmr/m/n/9 15
 []

[15]
Overfull \hbox (9.24994pt too wide) has occurred while \output is active
\OT1/cmr/m/n/9 16
 []

[16]
Overfull \hbox (9.24994pt too wide) has occurred while \output is active
\OT1/cmr/m/n/9 17
 []

[17]
Underfull \vbox (badness 10000) has occurred while \output is active []


Overfull \hbox (9.24994pt too wide) has occurred while \output is active
\OT1/cmr/m/n/9 18
 []

[18]
Overfull \hbox (9.24994pt too wide) has occurred while \output is active
\OT1/cmr/m/n/9 19
 []

[19]
Overfull \hbox (9.24994pt too wide) has occurred while \output is active
\OT1/cmr/m/n/9 20
 []

[20]
Overfull \hbox (9.24994pt too wide) has occurred while \output is active
\OT1/cmr/m/n/9 21
 []

[21]
Overfull \hbox (9.24994pt too wide) has occurred while \output is active
\OT1/cmr/m/n/9 22
 []

[22] (./bayes-SM-biometrics.bbl
Overfull \hbox (9.24994pt too wide) has occurred while \output is active
\OT1/cmr/m/n/9 23
 []

[23]
Underfull \vbox (badness 10000) has occurred while \output is active []


Overfull \hbox (9.24994pt too wide) has occurred while \output is active
\OT1/cmr/m/n/9 24
 []

[24])
Underfull \vbox (badness 10000) has occurred while \output is active []


Overfull \hbox (9.24994pt too wide) has occurred while \output is active
\OT1/cmr/m/n/9 25
 []

[25] AED endfloat: Processing end Figures and Tables
Overfull \hbox (9.24994pt too wide) has occurred while \output is active
\OT1/cmr/m/n/9 26
 []

[26] (./bayes-SM-biometrics.fff
<figure1a.png, id=113, 1505.625pt x 1505.625pt>
File: figure1a.png Graphic file (type png)
<use figure1a.png>
Package pdftex.def Info: figure1a.png  used on input line 3.
(pdftex.def)             Requested size: 216.81pt x 216.80524pt.
<figure1b.png, id=115, 1505.625pt x 1505.625pt>
File: figure1b.png Graphic file (type png)
<use figure1b.png>
Package pdftex.def Info: figure1b.png  used on input line 4.
(pdftex.def)             Requested size: 216.81pt x 216.80524pt.
<figure1c.png, id=116, 1505.625pt x 1505.625pt>
File: figure1c.png Graphic file (type png)
<use figure1c.png>
Package pdftex.def Info: figure1c.png  used on input line 5.
(pdftex.def)             Requested size: 216.81pt x 216.80524pt.
<figure1d.png, id=117, 1505.625pt x 1505.625pt>
File: figure1d.png Graphic file (type png)
<use figure1d.png>
Package pdftex.def Info: figure1d.png  used on input line 6.
(pdftex.def)             Requested size: 216.81pt x 216.80524pt.

Overfull \hbox (9.24994pt too wide) has occurred while \output is active
\OT1/cmr/m/n/9 27
 []

[27 <./figure1a.png> <./figure1b.png> <./figure1c.png> <./figure1d.png>]
<figure5a_NEW.png, id=125, 1505.625pt x 1505.625pt>
File: figure5a_NEW.png Graphic file (type png)
<use figure5a_NEW.png>
Package pdftex.def Info: figure5a_NEW.png  used on input line 16.
(pdftex.def)             Requested size: 216.81pt x 216.80524pt.
<figure5b_NEW.png, id=126, 1505.625pt x 1505.625pt>
File: figure5b_NEW.png Graphic file (type png)
<use figure5b_NEW.png>
Package pdftex.def Info: figure5b_NEW.png  used on input line 17.
(pdftex.def)             Requested size: 216.81pt x 216.80524pt.
<figure5a.png, id=127, 3613.5pt x 1806.75pt>
File: figure5a.png Graphic file (type png)
<use figure5a.png>
Package pdftex.def Info: figure5a.png  used on input line 18.
(pdftex.def)             Requested size: 433.62pt x 216.80064pt.

Overfull \hbox (9.24994pt too wide) has occurred while \output is active
\OT1/cmr/m/n/9 28
 []

[28 <./figure5a_NEW.png> <./figure5b_NEW.png> <./figure5a.png>]
<figure2a.png, id=134, 3161.8125pt x 2107.875pt>
File: figure2a.png Graphic file (type png)
<use figure2a.png>
Package pdftex.def Info: figure2a.png  used on input line 29.
(pdftex.def)             Requested size: 433.62pt x 289.05374pt.
<figure2b.png, id=135, 3161.8125pt x 2107.875pt>
File: figure2b.png Graphic file (type png)
<use figure2b.png>
Package pdftex.def Info: figure2b.png  used on input line 30.
(pdftex.def)             Requested size: 433.62pt x 289.05374pt.

Overfull \hbox (9.24994pt too wide) has occurred while \output is active
\OT1/cmr/m/n/9 29
 []

[29 <./figure2a.png> <./figure2b.png>]
<figure3a.png, id=141, 3161.8125pt x 2107.875pt>
File: figure3a.png Graphic file (type png)
<use figure3a.png>
Package pdftex.def Info: figure3a.png  used on input line 39.
(pdftex.def)             Requested size: 433.62pt x 289.05374pt.
<figure3b.png, id=142, 3161.8125pt x 2107.875pt>
File: figure3b.png Graphic file (type png)
<use figure3b.png>
Package pdftex.def Info: figure3b.png  used on input line 40.
(pdftex.def)             Requested size: 433.62pt x 289.05374pt.

Overfull \hbox (9.24994pt too wide) has occurred while \output is active
\OT1/cmr/m/n/9 30
 []

[30 <./figure3a.png> <./figure3b.png>]
<figure4.png, id=149, 4065.1875pt x 2710.125pt>
File: figure4.png Graphic file (type png)
<use figure4.png>
Package pdftex.def Info: figure4.png  used on input line 50.
(pdftex.def)             Requested size: 433.62pt x 289.05833pt.

Overfull \hbox (9.24994pt too wide) has occurred while \output is active
\OT1/cmr/m/n/9 31
 []

[31 <./figure4.png>]
<figure9.png, id=154, 3161.8125pt x 2107.875pt>
File: figure9.png Graphic file (type png)
<use figure9.png>
Package pdftex.def Info: figure9.png  used on input line 64.
(pdftex.def)             Requested size: 433.62pt x 289.05374pt.
<figure6.png, id=155, 3161.8125pt x 2107.875pt>
File: figure6.png Graphic file (type png)
<use figure6.png>
Package pdftex.def Info: figure6.png  used on input line 65.
(pdftex.def)             Requested size: 433.62pt x 289.05374pt.
)
Overfull \hbox (9.24994pt too wide) has occurred while \output is active
\OT1/cmr/m/n/9 32
 []

[32 <./figure9.png> <./figure6.png>] (./bayes-SM-biometrics.aux) ) 
Here is how much of TeX's memory you used:
 3591 strings out of 480608
 46281 string characters out of 5903631
 298525 words of memory out of 5000000
 19416 multiletter control sequences out of 15000+600000
 550527 words of font info for 90 fonts, out of 8000000 for 9000
 1141 hyphenation exceptions out of 8191
 33i,10n,38p,1706b,312s stack positions out of 5000i,500n,10000p,200000b,80000s
</usr/local/t
exlive/2020/texmf-dist/fonts/type1/public/amsfonts/cmextra/cmbsy7.pfb></usr/loc
al/texlive/2020/texmf-dist/fonts/type1/public/amsfonts/cm/cmbx10.pfb></usr/loca
l/texlive/2020/texmf-dist/fonts/type1/public/amsfonts/cm/cmbx12.pfb></usr/local
/texlive/2020/texmf-dist/fonts/type1/public/amsfonts/cm/cmbx7.pfb></usr/local/t
exlive/2020/texmf-dist/fonts/type1/public/amsfonts/cm/cmcsc10.pfb></usr/local/t
exlive/2020/texmf-dist/fonts/type1/public/amsfonts/cm/cmex10.pfb></usr/local/te
xlive/2020/texmf-dist/fonts/type1/public/amsfonts/cm/cmmi12.pfb></usr/local/tex
live/2020/texmf-dist/fonts/type1/public/amsfonts/cm/cmmi6.pfb></usr/local/texli
ve/2020/texmf-dist/fonts/type1/public/amsfonts/cm/cmmi8.pfb></usr/local/texlive
/2020/texmf-dist/fonts/type1/public/amsfonts/cm/cmmib10.pfb></usr/local/texlive
/2020/texmf-dist/fonts/type1/public/amsfonts/cmextra/cmmib7.pfb></usr/local/tex
live/2020/texmf-dist/fonts/type1/public/amsfonts/cm/cmr10.pfb></usr/local/texli
ve/2020/texmf-dist/fonts/type1/public/amsfonts/cm/cmr12.pfb></usr/local/texlive
/2020/texmf-dist/fonts/type1/public/amsfonts/cm/cmr6.pfb></usr/local/texlive/20
20/texmf-dist/fonts/type1/public/amsfonts/cm/cmr7.pfb></usr/local/texlive/2020/
texmf-dist/fonts/type1/public/amsfonts/cm/cmr8.pfb></usr/local/texlive/2020/tex
mf-dist/fonts/type1/public/amsfonts/cm/cmr9.pfb></usr/local/texlive/2020/texmf-
dist/fonts/type1/public/amsfonts/cm/cmsy10.pfb></usr/local/texlive/2020/texmf-d
ist/fonts/type1/public/amsfonts/cm/cmsy6.pfb></usr/local/texlive/2020/texmf-dis
t/fonts/type1/public/amsfonts/cm/cmsy8.pfb></usr/local/texlive/2020/texmf-dist/
fonts/type1/public/amsfonts/cm/cmti10.pfb></usr/local/texlive/2020/texmf-dist/f
onts/type1/public/amsfonts/cm/cmti12.pfb></usr/local/texlive/2020/texmf-dist/fo
nts/type1/public/amsfonts/cm/cmti9.pfb></usr/local/texlive/2020/texmf-dist/font
s/type1/public/amsfonts/cm/cmtt12.pfb></usr/local/texlive/2020/texmf-dist/fonts
/type1/public/amsfonts/symbols/msam10.pfb>
Output written on bayes-SM-biometrics.pdf (33 pages, 2525778 bytes).
PDF statistics:
 240 PDF objects out of 1000 (max. 8388607)
 150 compressed objects within 2 object streams
 0 named destinations out of 1000 (max. 500000)
 71 words of extra memory for PDF output out of 10000 (max. 10000000)

