This is pdfTeX, Version 3.14159265-2.6-1.40.21 (TeX Live 2020) (preloaded format=pdflatex 2020.4.7)  19 JUL 2021 23:02
entering extended mode
 restricted \write18 enabled.
 %&-line parsing enabled.
**bayes-SM-statmed.tex
(./bayes-SM-statmed.tex
LaTeX2e <2020-02-02> patch level 5
L3 programming layer <2020-03-06> (./WileyNJD-v2.cls
Document Class: WileyNJD-v2 2017/06/23 v0.2 Standard LaTeX document class for J
ournal
\job@temptoken=\toks15
(/usr/local/texlive/2020/texmf-dist/tex/latex/base/article.cls
Document Class: article 2019/12/20 v1.4l Standard LaTeX document class
(/usr/local/texlive/2020/texmf-dist/tex/latex/base/fleqn.clo
File: fleqn.clo 2016/12/29 v1.2b Standard LaTeX option (flush left equations)
\mathindent=\dimen134
Applying: [2015/01/01] Make \[ robust on input line 50.
LaTeX Info: Redefining \[ on input line 51.
Already applied: [0000/00/00] Make \[ robust on input line 62.
Applying: [2015/01/01] Make \] robust on input line 74.
LaTeX Info: Redefining \] on input line 75.
Already applied: [0000/00/00] Make \] robust on input line 83.
)
(/usr/local/texlive/2020/texmf-dist/tex/latex/base/size10.clo
File: size10.clo 2019/12/20 v1.4l Standard LaTeX file (size option)
)
\c@part=\count167
\c@section=\count168
\c@subsection=\count169
\c@subsubsection=\count170
\c@paragraph=\count171
\c@subparagraph=\count172
\c@figure=\count173
\c@table=\count174
\abovecaptionskip=\skip47
\belowcaptionskip=\skip48
\bibindent=\dimen135
)
(/usr/local/texlive/2020/texmf-dist/tex/latex/etex-pkg/etex.sty
Package: etex 2016/08/01 v2.7 eTeX basic definition package (PEB,DPC)
\et@xins=\count175
)
(/usr/local/texlive/2020/texmf-dist/tex/latex/graphics/graphicx.sty
Package: graphicx 2019/11/30 v1.2a Enhanced LaTeX Graphics (DPC,SPQR)

(/usr/local/texlive/2020/texmf-dist/tex/latex/graphics/keyval.sty
Package: keyval 2014/10/28 v1.15 key=value parser (DPC)
\KV@toks@=\toks16
)
(/usr/local/texlive/2020/texmf-dist/tex/latex/graphics/graphics.sty
Package: graphics 2019/11/30 v1.4a Standard LaTeX Graphics (DPC,SPQR)

(/usr/local/texlive/2020/texmf-dist/tex/latex/graphics/trig.sty
Package: trig 2016/01/03 v1.10 sin cos tan (DPC)
)
(/usr/local/texlive/2020/texmf-dist/tex/latex/graphics-cfg/graphics.cfg
File: graphics.cfg 2016/06/04 v1.11 sample graphics configuration
)
Package graphics Info: Driver file: pdftex.def on input line 105.

(/usr/local/texlive/2020/texmf-dist/tex/latex/graphics-def/pdftex.def
File: pdftex.def 2018/01/08 v1.0l Graphics/color driver for pdftex
))
\Gin@req@height=\dimen136
\Gin@req@width=\dimen137
)
(/usr/local/texlive/2020/texmf-dist/tex/latex/tools/multicol.sty
Package: multicol 2019/12/09 v1.8y multicolumn formatting (FMi)
Normal \count register pool exhausted, switching to extended pool.
\c@tracingmulticols=\count277
\mult@box=\box45
\multicol@leftmargin=\dimen138
\c@unbalance=\count278
\c@collectmore=\count279
\doublecol@number=\count280
\multicoltolerance=\count281
\multicolpretolerance=\count282
\full@width=\dimen139
\page@free=\dimen140
\premulticols=\dimen141
\postmulticols=\dimen142
\multicolsep=\skip49
\multicolbaselineskip=\skip50
\partial@page=\box46
\last@line=\box47
\maxbalancingoverflow=\dimen143
\mult@rightbox=\box48
\mult@grightbox=\box49
\mult@gfirstbox=\box50
\mult@firstbox=\box51
\@tempa=\box52
\@tempa=\box53
\@tempa=\box54
\@tempa=\box55
\@tempa=\box56
\@tempa=\box57
\@tempa=\box58
\@tempa=\box59
\@tempa=\box60
\@tempa=\box61
\@tempa=\box62
\@tempa=\box63
\@tempa=\box64
\@tempa=\box65
\@tempa=\box66
\@tempa=\box67
\@tempa=\box68
\@tempa=\box69
\@tempa=\box70
\@tempa=\box71
\@tempa=\box72
\@tempa=\box73
\@tempa=\box74
\@tempa=\box75
\@tempa=\box76
\@tempa=\box77
\@tempa=\box78
\@tempa=\box79
\@tempa=\box80
\@tempa=\box81
\@tempa=\box82
\@tempa=\box83
\@tempa=\box84
\@tempa=\box85
\@tempa=\box86
\@tempa=\box87
\@tempa=\box88
\c@minrows=\count283
\c@columnbadness=\count284
\c@finalcolumnbadness=\count285
\last@try=\dimen144
\multicolovershoot=\dimen145
\multicolundershoot=\dimen146
\mult@nat@firstbox=\box89
\colbreak@box=\box90
\mc@col@check@num=\count286
)
(/usr/local/texlive/2020/texmf-dist/tex/latex/multirow/multirow.sty
Package: multirow 2019/05/31 v2.5 Span multiple rows of a table
\multirow@colwidth=\skip51
\multirow@cntb=\count287
\multirow@dima=\skip52
\bigstrutjot=\dimen147
)
(/usr/local/texlive/2020/texmf-dist/tex/latex/sttools/cuted.sty
Package: cuted 2012/10/04 v1.5 Mixing onecolumn and twocolumn modes
\At@ViperColsBreak=\toks17
\v@aaa=\box91
\v@ccc=\box92
\lastskip@a=\skip53
\lastskip@b=\skip54
\lastskip@d=\skip55
\lastbox@a=\box93
\stripsep=\skip56
\@viper=\box94
\viper@penalty=\count288
\hold@viper=\box95
\ht@viper=\dimen148
)
(/usr/local/texlive/2020/texmf-dist/tex/generic/iftex/ifpdf.sty
Package: ifpdf 2019/10/25 v3.4 ifpdf legacy package. Use iftex instead.

(/usr/local/texlive/2020/texmf-dist/tex/generic/iftex/iftex.sty
Package: iftex 2020/03/06 v1.0d TeX engine tests
))
(/usr/local/texlive/2020/texmf-dist/tex/latex/url/url.sty
\Urlmuskip=\muskip16
Package: url 2013/09/16  ver 3.4  Verb mode for urls, etc.
)
(/usr/local/texlive/2020/texmf-dist/tex/latex/changepage/changepage.sty
Package: changepage 2009/10/20 v1.0c check page and change page layout
\c@cp@cntr=\count289
\cp@tempcnt=\count290
)
(/usr/local/texlive/2020/texmf-dist/tex/latex/tools/calc.sty
Package: calc 2017/05/25 v4.3 Infix arithmetic (KKT,FJ)
\calc@Acount=\count291
\calc@Bcount=\count292
\calc@Adimen=\dimen149
\calc@Bdimen=\dimen150
\calc@Askip=\skip57
\calc@Bskip=\skip58
LaTeX Info: Redefining \setlength on input line 80.
LaTeX Info: Redefining \addtolength on input line 81.
\calc@Ccount=\count293
\calc@Cskip=\skip59
)
(/usr/local/texlive/2020/texmf-dist/tex/latex/xcolor/xcolor.sty
Package: xcolor 2016/05/11 v2.12 LaTeX color extensions (UK)

(/usr/local/texlive/2020/texmf-dist/tex/latex/graphics-cfg/color.cfg
File: color.cfg 2016/01/02 v1.6 sample color configuration
)
Package xcolor Info: Driver file: pdftex.def on input line 225.
Package xcolor Info: Model `cmy' substituted by `cmy0' on input line 1348.
Package xcolor Info: Model `hsb' substituted by `rgb' on input line 1352.
Package xcolor Info: Model `RGB' extended on input line 1364.
Package xcolor Info: Model `HTML' substituted by `rgb' on input line 1366.
Package xcolor Info: Model `Hsb' substituted by `hsb' on input line 1367.
Package xcolor Info: Model `tHsb' substituted by `hsb' on input line 1368.
Package xcolor Info: Model `HSB' substituted by `hsb' on input line 1369.
Package xcolor Info: Model `Gray' substituted by `gray' on input line 1370.
Package xcolor Info: Model `wave' substituted by `hsb' on input line 1371.
)
(/usr/local/texlive/2020/texmf-dist/tex/latex/float/float.sty
Package: float 2001/11/08 v1.3d Float enhancements (AL)
\c@float@type=\count294
\float@exts=\toks18
\float@box=\box96
\@float@everytoks=\toks19
\@floatcapt=\box97
)
(/usr/local/texlive/2020/texmf-dist/tex/latex/sttools/floatpag.sty
Package: floatpag 2012/05/29 v1.1 Different pagestyles on float pages
Package: floatpag 1999/04/29 FLOAT PAGESTYLE
)
(/usr/local/texlive/2020/texmf-dist/tex/latex/dblfloatfix/dblfloatfix.sty
Package: dblfloatfix 2012/12/31 v1.0a (JAW)

(/usr/local/texlive/2020/texmf-dist/tex/latex/base/fixltx2e.sty
Package: fixltx2e 2016/12/29 v2.1a fixes to LaTeX (obsolete)
Applying: [2015/01/01] Old fixltx2e package on input line 46.


Package fixltx2e Warning: fixltx2e is not required with releases after 2015
(fixltx2e)                All fixes are now in the LaTeX kernel.
(fixltx2e)                See the latexrelease package for details.

Already applied: [0000/00/00] Old fixltx2e package on input line 53.
)
\@dblbotnum=\count295
\c@dblbotnumber=\count296
) (/usr/local/texlive/2020/texmf-dist/tex/latex/graphics/rotating.sty
Package: rotating 2016/08/11 v2.16d rotated objects in LaTeX

(/usr/local/texlive/2020/texmf-dist/tex/latex/base/ifthen.sty
Package: ifthen 2014/09/29 v1.1c Standard LaTeX ifthen package (DPC)
)
\c@r@tfl@t=\count297
\rotFPtop=\skip60
\rotFPbot=\skip61
\rot@float@box=\box98
\rot@mess@toks=\toks20
)
(/usr/local/texlive/2020/texmf-dist/tex/generic/ulem/ulem.sty
\UL@box=\box99
\UL@hyphenbox=\box100
\UL@skip=\skip62
\UL@hook=\toks21
\UL@height=\dimen151
\UL@pe=\count298
\UL@pixel=\dimen152
\ULC@box=\box101
Package: ulem 2019/11/18
\ULdepth=\dimen153
)
(/usr/local/texlive/2020/texmf-dist/tex/latex/tools/enumerate.sty
Package: enumerate 2015/07/23 v3.00 enumerate extensions (DPC)
\@enLab=\toks22
)
(/usr/local/texlive/2020/texmf-dist/tex/latex/soul/soul.sty
Package: soul 2003/11/17 v2.4 letterspacing/underlining (mf)
\SOUL@word=\toks23
\SOUL@lasttoken=\toks24
\SOUL@cmds=\toks25
\SOUL@buffer=\toks26
\SOUL@token=\toks27
\SOUL@spaceskip=\skip63
\SOUL@ttwidth=\dimen154
\SOUL@uldp=\dimen155
\SOUL@ulht=\dimen156
)
(/usr/local/texlive/2020/texmf-dist/tex/latex/caption/caption.sty
Package: caption 2020/01/03 v3.4h Customizing captions (AR)

(/usr/local/texlive/2020/texmf-dist/tex/latex/caption/caption3.sty
Package: caption3 2020/01/03 v1.8h caption3 kernel (AR)
Package caption3 Info: TeX engine: e-TeX on input line 61.
\captionmargin=\dimen157
\captionmargin@=\dimen158
\captionwidth=\dimen159
\caption@tempdima=\dimen160
\caption@indent=\dimen161
\caption@parindent=\dimen162
\caption@hangindent=\dimen163
Package caption Info: Standard document class detected.
)
\c@caption@flags=\count299
\c@continuedfloat=\count300
Package caption Info: float package is loaded.
Package caption Info: rotating package is loaded.
)
(/usr/local/texlive/2020/texmf-dist/tex/latex/hyperref/hyperref.sty
Package: hyperref 2020/01/14 v7.00d Hypertext links for LaTeX

(/usr/local/texlive/2020/texmf-dist/tex/generic/ltxcmds/ltxcmds.sty
Package: ltxcmds 2019/12/15 v1.24 LaTeX kernel commands for general use (HO)
)
(/usr/local/texlive/2020/texmf-dist/tex/latex/pdftexcmds/pdftexcmds.sty
Package: pdftexcmds 2019/11/24 v0.31 Utility functions of pdfTeX for LuaTeX (HO
)

(/usr/local/texlive/2020/texmf-dist/tex/generic/infwarerr/infwarerr.sty
Package: infwarerr 2019/12/03 v1.5 Providing info/warning/error messages (HO)
)
Package pdftexcmds Info: \pdf@primitive is available.
Package pdftexcmds Info: \pdf@ifprimitive is available.
Package pdftexcmds Info: \pdfdraftmode found.
)
(/usr/local/texlive/2020/texmf-dist/tex/generic/kvsetkeys/kvsetkeys.sty
Package: kvsetkeys 2019/12/15 v1.18 Key value parser (HO)
)
(/usr/local/texlive/2020/texmf-dist/tex/generic/kvdefinekeys/kvdefinekeys.sty
Package: kvdefinekeys 2019-12-19 v1.6 Define keys (HO)
)
(/usr/local/texlive/2020/texmf-dist/tex/generic/pdfescape/pdfescape.sty
Package: pdfescape 2019/12/09 v1.15 Implements pdfTeX's escape features (HO)
)
(/usr/local/texlive/2020/texmf-dist/tex/latex/hycolor/hycolor.sty
Package: hycolor 2020-01-27 v1.10 Color options for hyperref/bookmark (HO)
)
(/usr/local/texlive/2020/texmf-dist/tex/latex/letltxmacro/letltxmacro.sty
Package: letltxmacro 2019/12/03 v1.6 Let assignment for LaTeX macros (HO)
)
(/usr/local/texlive/2020/texmf-dist/tex/latex/auxhook/auxhook.sty
Package: auxhook 2019-12-17 v1.6 Hooks for auxiliary files (HO)
)
(/usr/local/texlive/2020/texmf-dist/tex/latex/kvoptions/kvoptions.sty
Package: kvoptions 2019/11/29 v3.13 Key value format for package options (HO)
)
\@linkdim=\dimen164
\Hy@linkcounter=\count301
\Hy@pagecounter=\count302

(/usr/local/texlive/2020/texmf-dist/tex/latex/hyperref/pd1enc.def
File: pd1enc.def 2020/01/14 v7.00d Hyperref: PDFDocEncoding definition (HO)
Now handling font encoding PD1 ...
... no UTF-8 mapping file for font encoding PD1
)
(/usr/local/texlive/2020/texmf-dist/tex/generic/intcalc/intcalc.sty
Package: intcalc 2019/12/15 v1.3 Expandable calculations with integers (HO)
)
(/usr/local/texlive/2020/texmf-dist/tex/generic/etexcmds/etexcmds.sty
Package: etexcmds 2019/12/15 v1.7 Avoid name clashes with e-TeX commands (HO)
)
\Hy@SavedSpaceFactor=\count303
Package hyperref Info: Hyper figures OFF on input line 4547.
Package hyperref Info: Link nesting OFF on input line 4552.
Package hyperref Info: Hyper index ON on input line 4555.
Package hyperref Info: Plain pages OFF on input line 4562.
Package hyperref Info: Backreferencing OFF on input line 4567.
Package hyperref Info: Implicit mode ON; LaTeX internals redefined.
Package hyperref Info: Bookmarks ON on input line 4800.
\c@Hy@tempcnt=\count304
LaTeX Info: Redefining \url on input line 5159.
\XeTeXLinkMargin=\dimen165

(/usr/local/texlive/2020/texmf-dist/tex/generic/bitset/bitset.sty
Package: bitset 2019/12/09 v1.3 Handle bit-vector datatype (HO)

(/usr/local/texlive/2020/texmf-dist/tex/generic/bigintcalc/bigintcalc.sty
Package: bigintcalc 2019/12/15 v1.5 Expandable calculations on big integers (HO
)
))
\Fld@menulength=\count305
\Field@Width=\dimen166
\Fld@charsize=\dimen167
Package hyperref Info: Hyper figures OFF on input line 6430.
Package hyperref Info: Link nesting OFF on input line 6435.
Package hyperref Info: Hyper index ON on input line 6438.
Package hyperref Info: backreferencing OFF on input line 6445.
Package hyperref Info: Link coloring OFF on input line 6450.
Package hyperref Info: Link coloring with OCG OFF on input line 6455.
Package hyperref Info: PDF/A mode OFF on input line 6460.
LaTeX Info: Redefining \ref on input line 6500.
LaTeX Info: Redefining \pageref on input line 6504.

(/usr/local/texlive/2020/texmf-dist/tex/generic/atbegshi/atbegshi.sty
Package: atbegshi 2019/12/05 v1.19 At begin shipout hook (HO)
)
\Hy@abspage=\count306
\c@Item=\count307
\c@Hfootnote=\count308
)
Package hyperref Info: Driver (autodetected): hpdftex.

(/usr/local/texlive/2020/texmf-dist/tex/latex/hyperref/hpdftex.def
File: hpdftex.def 2020/01/14 v7.00d Hyperref driver for pdfTeX

(/usr/local/texlive/2020/texmf-dist/tex/latex/atveryend/atveryend.sty
Package: atveryend 2019-12-11 v1.11 Hooks at the very end of document (HO)
Package atveryend Info: \enddocument detected (standard20110627).
)
\Fld@listcount=\count309
\c@bookmark@seq@number=\count310

(/usr/local/texlive/2020/texmf-dist/tex/latex/rerunfilecheck/rerunfilecheck.sty
Package: rerunfilecheck 2019/12/05 v1.9 Rerun checks for auxiliary files (HO)

(/usr/local/texlive/2020/texmf-dist/tex/generic/uniquecounter/uniquecounter.sty
Package: uniquecounter 2019/12/15 v1.4 Provide unlimited unique counter (HO)
)
Package uniquecounter Info: New unique counter `rerunfilecheck' on input line 2
86.
)
\Hy@SectionHShift=\skip64
)
Package hyperref Info: Option `bookmarksopen' set `true' on input line 278.
 (/usr/local/texlive/2020/texmf-dist/tex/latex/bookmark/bookmark.sty
Package: bookmark 2019/12/03 v1.28 PDF bookmarks (HO)

(/usr/local/texlive/2020/texmf-dist/tex/latex/bookmark/bkm-pdftex.def
File: bkm-pdftex.def 2019/12/03 v1.28 bookmark driver for pdfTeX (HO)
\BKM@id=\count311
))
(/usr/local/texlive/2020/texmf-dist/tex/latex/oberdiek/twoopt.sty
Package: twoopt 2016/05/16 v1.6 Definitions with two optional arguments (HO)
)
(/usr/local/texlive/2020/texmf-dist/tex/latex/footmisc/footmisc.sty
Package: footmisc 2011/06/06 v5.5b a miscellany of footnote facilities
\FN@temptoken=\toks28
\footnotemargin=\dimen168
\c@pp@next@reset=\count312
Package footmisc Info: Declaring symbol style bringhurst on input line 855.
Package footmisc Info: Declaring symbol style chicago on input line 863.
Package footmisc Info: Declaring symbol style wiley on input line 872.
Package footmisc Info: Declaring symbol style lamport-robust on input line 883.

Package footmisc Info: Declaring symbol style lamport* on input line 903.
Package footmisc Info: Declaring symbol style lamport*-robust on input line 924
.
)
(/usr/local/texlive/2020/texmf-dist/tex/latex/tools/tabularx.sty
Package: tabularx 2020/01/15 v2.11c `tabularx' package (DPC)

(/usr/local/texlive/2020/texmf-dist/tex/latex/tools/array.sty
Package: array 2019/08/31 v2.4l Tabular extension package (FMi)
\col@sep=\dimen169
\ar@mcellbox=\box102
\extrarowheight=\dimen170
\NC@list=\toks29
\extratabsurround=\skip65
\backup@length=\skip66
\ar@cellbox=\box103
)
\TX@col@width=\dimen171
Normal \dimen register pool exhausted, switching to extended pool.
\TX@old@table=\dimen256
\TX@old@col=\dimen257
\TX@target=\dimen258
\TX@delta=\dimen259
\TX@cols=\count313
\TX@ftn=\toks30
)
\tfboxrule=\dimen260
\bfboxrule=\dimen261
\BXRuleThickness=\dimen262
\BXleftrightskipdimen=\dimen263
\BXhsize=\dimen264
\FreePageSpace=\dimen265
\ovsize=\dimen266
\adjustskip=\skip67
\BXbox=\box104
\xxptspaceamount=\skip68
\BXboxoutbnewskip=\skip69
\BXdim=\dimen267
\BXgraybox=\box105

(/usr/local/texlive/2020/texmf-dist/tex/latex/varwidth/varwidth.sty
Package: varwidth 2009/03/30 ver 0.92;  Variable-width minipages
\@vwid@box=\box106
\sift@deathcycles=\count314
\@vwid@loff=\dimen268
\@vwid@roff=\dimen269
)
(/usr/local/texlive/2020/texmf-dist/tex/latex/tools/dcolumn.sty
Package: dcolumn 2014/10/28 v1.06 decimal alignment package (DPC)
)
(/usr/local/texlive/2020/texmf-dist/tex/latex/stix/stix.sty
Package: stix 2018/04/17 v1.1.3-latex STIX fonts support package
Now handling font encoding LS1 ...
... no UTF-8 mapping file for font encoding LS1
Now handling font encoding LS2 ...
... no UTF-8 mapping file for font encoding LS2
LaTeX Font Info:    Redeclaring symbol font `letters' on input line 76.
LaTeX Font Info:    Encoding `OML' has changed to `LS1' for symbol font
(Font)              `letters' in the math version `normal' on input line 76.
LaTeX Font Info:    Overwriting symbol font `letters' in version `normal'
(Font)                  OML/cmm/m/it --> LS1/stix/m/it on input line 76.
LaTeX Font Info:    Encoding `OML' has changed to `LS1' for symbol font
(Font)              `letters' in the math version `bold' on input line 76.
LaTeX Font Info:    Overwriting symbol font `letters' in version `bold'
(Font)                  OML/cmm/b/it --> LS1/stix/m/it on input line 76.
LaTeX Font Info:    Redeclaring symbol font `operators' on input line 77.
LaTeX Font Info:    Encoding `OT1' has changed to `LS1' for symbol font
(Font)              `operators' in the math version `normal' on input line 77.
LaTeX Font Info:    Overwriting symbol font `operators' in version `normal'
(Font)                  OT1/cmr/m/n --> LS1/stix/m/n on input line 77.
LaTeX Font Info:    Encoding `OT1' has changed to `LS1' for symbol font
(Font)              `operators' in the math version `bold' on input line 77.
LaTeX Font Info:    Overwriting symbol font `operators' in version `bold'
(Font)                  OT1/cmr/bx/n --> LS1/stix/m/n on input line 77.
\symbold-operators=\mathgroup4
LaTeX Font Info:    Redeclaring symbol font `symbols' on input line 79.
LaTeX Font Info:    Encoding `OMS' has changed to `LS1' for symbol font
(Font)              `symbols' in the math version `normal' on input line 79.
LaTeX Font Info:    Overwriting symbol font `symbols' in version `normal'
(Font)                  OMS/cmsy/m/n --> LS1/stixscr/m/n on input line 79.
LaTeX Font Info:    Encoding `OMS' has changed to `LS1' for symbol font
(Font)              `symbols' in the math version `bold' on input line 79.
LaTeX Font Info:    Overwriting symbol font `symbols' in version `bold'
(Font)                  OMS/cmsy/b/n --> LS1/stixscr/m/n on input line 79.
\symsymbols2=\mathgroup5
\symsymbols3=\mathgroup6
\symsymbols4=\mathgroup7
\symintegrals=\mathgroup8
LaTeX Font Info:    Redeclaring symbol font `largesymbols' on input line 84.
LaTeX Font Info:    Encoding `OMX' has changed to `LS2' for symbol font
(Font)              `largesymbols' in the math version `normal' on input line 8
4.
LaTeX Font Info:    Overwriting symbol font `largesymbols' in version `normal'
(Font)                  OMX/cmex/m/n --> LS2/stixex/m/n on input line 84.
LaTeX Font Info:    Encoding `OMX' has changed to `LS2' for symbol font
(Font)              `largesymbols' in the math version `bold' on input line 84.

LaTeX Font Info:    Overwriting symbol font `largesymbols' in version `bold'
(Font)                  OMX/cmex/m/n --> LS2/stixex/m/n on input line 84.
\symarrows1=\mathgroup9
\symarrows2=\mathgroup10
\symarrows3=\mathgroup11
LaTeX Font Info:    Overwriting symbol font `letters' in version `bold'
(Font)                  LS1/stix/m/it --> LS1/stix/b/it on input line 88.
LaTeX Font Info:    Overwriting symbol font `operators' in version `bold'
(Font)                  LS1/stix/m/n --> LS1/stix/b/n on input line 89.
LaTeX Font Info:    Overwriting symbol font `symbols' in version `bold'
(Font)                  LS1/stixscr/m/n --> LS1/stixscr/b/n on input line 90.
LaTeX Font Info:    Overwriting symbol font `symbols2' in version `bold'
(Font)                  LS1/stixfrak/m/n --> LS1/stixfrak/b/n on input line 91.

LaTeX Font Info:    Overwriting symbol font `symbols3' in version `bold'
(Font)                  LS1/stixbb/m/n --> LS1/stixbb/b/n on input line 92.
LaTeX Font Info:    Overwriting symbol font `symbols4' in version `bold'
(Font)                  LS1/stixbb/m/it --> LS1/stixbb/b/it on input line 93.
LaTeX Font Info:    Overwriting symbol font `integrals' in version `bold'
(Font)                  LS2/stixcal/m/n --> LS2/stixcal/b/n on input line 94.
LaTeX Font Info:    Overwriting symbol font `largesymbols' in version `bold'
(Font)                  LS2/stixex/m/n --> LS2/stixex/b/n on input line 95.
LaTeX Font Info:    Overwriting symbol font `arrows1' in version `bold'
(Font)                  LS1/stixsf/m/n --> LS1/stixsf/b/n on input line 96.
LaTeX Font Info:    Overwriting symbol font `arrows2' in version `bold'
(Font)                  LS1/stixsf/m/it --> LS1/stixsf/b/it on input line 97.
LaTeX Font Info:    Overwriting symbol font `arrows3' in version `bold'
(Font)                  LS2/stixtt/m/n --> LS2/stixtt/b/n on input line 98.
LaTeX Font Info:    Redeclaring math alphabet \mathit on input line 99.
LaTeX Font Info:    Redeclaring math alphabet \mathsf on input line 106.
LaTeX Font Info:    Redeclaring math alphabet \mathtt on input line 108.
LaTeX Font Info:    Redeclaring math alphabet \mathbf on input line 109.
LaTeX Font Info:    Redeclaring math symbol \hbar on input line 227.
LaTeX Font Info:    Redeclaring math accent \grave on input line 698.
LaTeX Font Info:    Redeclaring math accent \acute on input line 699.
LaTeX Font Info:    Redeclaring math accent \hat on input line 700.
LaTeX Font Info:    Redeclaring math accent \tilde on input line 701.
LaTeX Font Info:    Redeclaring math accent \bar on input line 702.
LaTeX Font Info:    Redeclaring math accent \breve on input line 703.
LaTeX Font Info:    Redeclaring math accent \dot on input line 704.
LaTeX Font Info:    Redeclaring math accent \ddot on input line 705.
LaTeX Font Info:    Redeclaring math accent \mathring on input line 707.
LaTeX Font Info:    Redeclaring math accent \check on input line 708.
LaTeX Font Info:    Redeclaring math accent \vec on input line 716.
LaTeX Font Info:    Redeclaring math accent \widehat on input line 728.
LaTeX Font Info:    Redeclaring math accent \widetilde on input line 729.
LaTeX Info: Redefining \vdots on input line 1518.
LaTeX Info: Redefining \cdots on input line 1522.
LaTeX Font Info:    Redeclaring math symbol \mathsterling on input line 1978.
LaTeX Info: Redefining \not on input line 2144.
)
(/usr/local/texlive/2020/texmf-dist/tex/latex/base/fontenc.sty
Package: fontenc 2020/02/11 v2.0o Standard LaTeX package
LaTeX Font Info:    Trying to load font information for T1+stix on input line 1
12.

(/usr/local/texlive/2020/texmf-dist/tex/latex/stix/t1stix.fd
File: t1stix.fd 2015/04/17 v1.1.2-latex STIX T1 font definitions
))
\trimwidth=\skip70
\trimheight=\skip71
\typewidth=\skip72
\typeheight=\skip73
\normaltextheight=\skip74
\blindfoliodrop=\skip75
\figheight=\skip76
\figwidth=\skip77
\tabledim=\skip78
\columnhsizevalue=\dimen270
\abs@coli@hsize=\skip79
\abs@colii@hsize=\skip80

(/usr/local/texlive/2020/texmf-dist/tex/latex/geometry/geometry.sty
Package: geometry 2020/01/02 v5.9 Page Geometry

(/usr/local/texlive/2020/texmf-dist/tex/generic/iftex/ifvtex.sty
Package: ifvtex 2019/10/25 v1.7 ifvtex legacy package. Use iftex instead.
)
\Gm@cnth=\count315
\Gm@cntv=\count316
\c@Gm@tempcnt=\count317
\Gm@bindingoffset=\dimen271
\Gm@wd@mp=\dimen272
\Gm@odd@mp=\dimen273
\Gm@even@mp=\dimen274
\Gm@layoutwidth=\dimen275
\Gm@layoutheight=\dimen276
\Gm@layouthoffset=\dimen277
\Gm@layoutvoffset=\dimen278
\Gm@dimlist=\toks31
)
\parindentvalue=\dimen279
\pageheight=\dimen280
\rulecount=\count318
\leftcolrulepos=\dimen281
\rightcolrulepos=\dimen282

(/usr/local/texlive/2020/texmf-dist/tex/latex/eso-pic/showframe.sty
Package: showframe 2011/02/24 v0.1i showframe (new impl., RN)

(/usr/local/texlive/2020/texmf-dist/tex/latex/eso-pic/eso-pic.sty
Package: eso-pic 2018/04/12 v2.0h eso-pic (RN)
))
\artopleftskipdim=\dimen283
\@xmlpage=\write3
\c@spagecounter=\count319
\c@lpagecounter=\count320
LaTeX Info: Redefining \rm on input line 1300.
LaTeX Info: Redefining \sf on input line 1301.
LaTeX Info: Redefining \tt on input line 1302.
LaTeX Info: Redefining \bf on input line 1303.
LaTeX Info: Redefining \it on input line 1304.
LaTeX Info: Redefining \sl on input line 1305.
LaTeX Info: Redefining \sc on input line 1306.
LaTeX Info: Redefining \cal on input line 1307.
LaTeX Info: Redefining \mit on input line 1308.
\aucount=\count321
\corrauthcount=\count322
\authfncnt=\count323
\authfnTmpCnt=\count324
\aufootnotemark=\box107
\authmarkbox=\box108
\c@affn=\count325
\addcount=\count326
\emailcount=\count327
\punctcount=\count328
\foot@titlepage@raise@skip=\skip81
\lastauthorcnt=\count329
\fundinginfocount=\count330
\commafundinginfocount=\count331
\fundinginfotempcount=\count332
\tempfundinginfocount=\count333
\JELinfocount=\count334
\commaJELinfocount=\count335
\JELinfotempcount=\count336
\tempJELinfocount=\count337
\htftbox=\box109
\ovsize=\dimen284
\oovsize=\dimen285
\FreePageSpace=\dimen286
\FreePageSpaceTest=\dimen287
\fadjskip=\skip82
\adjustskip=\skip83
\titleskip=\skip84
\abs@boxa=\box110
\abs@boxb=\box111
\abs@boxc=\box112
\abs@dima=\dimen288
\abs@dimb=\dimen289
\abs@dimc=\dimen290
\adjtitleskip=\skip85
\c@chapter=\count338
\secruleskip=\skip86
\rhverticalsep=\skip87

(./NJDnatbib.sty
Package: NJDnatbib 2010/09/13 8.31b (PWD, AO)
\bibhang=\skip88
\bibsep=\skip89
LaTeX Info: Redefining \cite on input line 700.
\c@NAT@ctr=\count339
)
\c@scheme=\count340

(/usr/local/texlive/2020/texmf-dist/tex/latex/booktabs/booktabs.sty
Package: booktabs 2020/01/12 v1.61803398 Publication quality tables
\heavyrulewidth=\dimen291
\lightrulewidth=\dimen292
\cmidrulewidth=\dimen293
\belowrulesep=\dimen294
\belowbottomsep=\dimen295
\aboverulesep=\dimen296
\abovetopsep=\dimen297
\cmidrulesep=\dimen298
\cmidrulekern=\dimen299
\defaultaddspace=\dimen300
\@cmidla=\count341
\@cmidlb=\count342
\@aboverulesep=\dimen301
\@belowrulesep=\dimen302
\@thisruleclass=\count343
\@lastruleclass=\count344
\@thisrulewidth=\dimen303
)
(/usr/local/texlive/2020/texmf-dist/tex/latex/amsmath/amsmath.sty
Package: amsmath 2020/01/20 v2.17e AMS math features
\@mathmargin=\skip90

For additional information on amsmath, use the `?' option.
(/usr/local/texlive/2020/texmf-dist/tex/latex/amsmath/amstext.sty
Package: amstext 2000/06/29 v2.01 AMS text

(/usr/local/texlive/2020/texmf-dist/tex/latex/amsmath/amsgen.sty
File: amsgen.sty 1999/11/30 v2.0 generic functions
\@emptytoks=\toks32
\ex@=\dimen304
))
(/usr/local/texlive/2020/texmf-dist/tex/latex/amsmath/amsbsy.sty
Package: amsbsy 1999/11/29 v1.2d Bold Symbols
\pmbraise@=\dimen305
)
(/usr/local/texlive/2020/texmf-dist/tex/latex/amsmath/amsopn.sty
Package: amsopn 2016/03/08 v2.02 operator names
)
\inf@bad=\count345
LaTeX Info: Redefining \frac on input line 227.
\uproot@=\count346
\leftroot@=\count347
LaTeX Info: Redefining \overline on input line 389.
\classnum@=\count348
\DOTSCASE@=\count349
LaTeX Info: Redefining \ldots on input line 486.
LaTeX Info: Redefining \dots on input line 489.
\Mathstrutbox@=\box113
\strutbox@=\box114
\big@size=\dimen306
LaTeX Font Info:    Redeclaring font encoding OML on input line 733.
LaTeX Font Info:    Redeclaring font encoding OMS on input line 734.
\macc@depth=\count350
\c@MaxMatrixCols=\count351
\dotsspace@=\muskip17
\c@parentequation=\count352
\dspbrk@lvl=\count353
\tag@help=\toks33
\row@=\count354
\column@=\count355
\maxfields@=\count356
\andhelp@=\toks34
\eqnshift@=\dimen307
\alignsep@=\dimen308
\tagshift@=\dimen309
\tagwidth@=\dimen310
\totwidth@=\dimen311
\lineht@=\dimen312
\@envbody=\toks35
\multlinegap=\skip91
\multlinetaggap=\skip92
\mathdisplay@stack=\toks36
LaTeX Info: Redefining \[ on input line 2859.
LaTeX Info: Redefining \] on input line 2860.
)
(/usr/local/texlive/2020/texmf-dist/tex/latex/amscls/amsthm.sty
Package: amsthm 2017/10/31 v2.20.4
\thm@style=\toks37
\thm@bodyfont=\toks38
\thm@headfont=\toks39
\thm@notefont=\toks40
\thm@headpunct=\toks41
\thm@preskip=\skip93
\thm@postskip=\skip94
\thm@headsep=\skip95
\dth@everypar=\toks42
)
\c@theorem=\count357
\c@construction=\count358
\c@estimate=\count359
\c@lemma=\count360
\c@corollary=\count361
\c@result=\count362
\c@algth=\count363
\c@proposition=\count364
\c@hypothesis=\count365
\c@experiment=\count366
\c@LWrule=\count367
\c@procedure=\count368
\c@assertion=\count369
\c@axiom=\count370
\c@conjecture=\count371
\c@criterion=\count372
\c@reduction=\count373
\c@sublemma=\count374
\c@case=\count375
\c@remark=\count376
\c@notation=\count377
\c@answer=\count378
\c@base=\count379
\c@claim=\count380
\c@ccomment=\count381
\c@subproof=\count382
\c@conclusion=\count383
\c@observation=\count384
\c@subcase=\count385
\c@step=\count386
\c@summary=\count387
\c@definition=\count388
\c@condition=\count389
\c@property=\count390
\c@problem=\count391
\c@fact=\count392
\c@assumption=\count393
\c@eexample=\count394
\c@model=\count395
\c@affirmation=\count396
\c@application=\count397
\c@convention=\count398
\c@discussion=\count399
\c@exercise=\count400
\c@question=\count401
\c@scholium=\count402
\c@terminology=\count403
\c@printcitcnt=\count404
\c@@pps=\count405
\c@@ppsavesec=\count406
\c@@ppsaveapp=\count407

(/usr/local/texlive/2020/texmf-dist/tex/latex/algorithms/algorithm.sty
Package: algorithm 2009/08/24 v0.1 Document Style `algorithm' - floating enviro
nment
\@float@every@algorithm=\toks43
\c@algorithm=\count408
)
(/usr/local/texlive/2020/texmf-dist/tex/latex/algorithmicx/algorithmicx.sty
Package: algorithmicx 2005/04/27 v1.2 Algorithmicx

Document Style algorithmicx 1.2 - a greatly improved `algorithmic' style
\c@ALG@line=\count409
\c@ALG@rem=\count410
\c@ALG@nested=\count411
\ALG@tlm=\skip96
\ALG@thistlm=\skip97
\c@ALG@Lnr=\count412
\c@ALG@blocknr=\count413
\c@ALG@storecount=\count414
\c@ALG@tmpcounter=\count415
\ALG@tmplength=\skip98
) (/usr/local/texlive/2020/texmf-dist/tex/latex/algorithmicx/algpseudocode.sty
Package: algpseudocode 

Document Style - pseudocode environments for use with the `algorithmicx' style
) (/usr/local/texlive/2020/texmf-dist/tex/latex/listings/listings.sty
\lst@mode=\count416
\lst@gtempboxa=\box115
\lst@token=\toks44
\lst@length=\count417
\lst@currlwidth=\dimen313
\lst@column=\count418
\lst@pos=\count419
\lst@lostspace=\dimen314
\lst@width=\dimen315
\lst@newlines=\count420
\lst@lineno=\count421
\lst@maxwidth=\dimen316

(/usr/local/texlive/2020/texmf-dist/tex/latex/listings/lstmisc.sty
File: lstmisc.sty 2020/03/24 1.8d (Carsten Heinz)
\c@lstnumber=\count422
\lst@skipnumbers=\count423
\lst@framebox=\box116
)
(/usr/local/texlive/2020/texmf-dist/tex/latex/listings/listings.cfg
File: listings.cfg 2020/03/24 1.8d listings configuration
))
Package: listings 2020/03/24 1.8d (Carsten Heinz)

(/usr/local/texlive/2020/texmf-dist/tex/latex/base/alltt.sty
Package: alltt 1997/06/16 v2.0g defines alltt environment
)
\jnlcitationbox=\box117
\jnlcithsize=\dimen317

(/usr/local/texlive/2020/texmf-dist/tex/latex/wrapfig/wrapfig.sty
\wrapoverhang=\dimen318
\WF@size=\dimen319
\c@WF@wrappedlines=\count424
\WF@box=\box118
\WF@everypar=\toks45
Package: wrapfig 2003/01/31  v 3.6
)
\wraplines=\count425
\@authorfigbox=\box119
\@authorfigboxdim=\skip99
\biofigadjskip=\skip100
)
(/usr/local/texlive/2020/texmf-dist/tex/latex/amsfonts/amsfonts.sty
Package: amsfonts 2013/01/14 v3.01 Basic AMSFonts support
\symAMSa=\mathgroup12
\symAMSb=\mathgroup13
)
(/usr/local/texlive/2020/texmf-dist/tex/latex/l3backend/l3backend-pdfmode.def
File: l3backend-pdfmode.def 2020-03-12 L3 backend support: PDF mode
\l__kernel_color_stack_int=\count426
\l__pdf_internal_box=\box120
)

LaTeX Warning: Unused global option(s):
    [AMA,STIX1COL,doublespace].

(./bayes-SM-statmed.aux)
\openout1 = `bayes-SM-statmed.aux'.

LaTeX Font Info:    Checking defaults for OML/cmm/m/it on input line 24.
LaTeX Font Info:    ... okay on input line 24.
LaTeX Font Info:    Checking defaults for OMS/cmsy/m/n on input line 24.
LaTeX Font Info:    ... okay on input line 24.
LaTeX Font Info:    Checking defaults for OT1/cmr/m/n on input line 24.
LaTeX Font Info:    ... okay on input line 24.
LaTeX Font Info:    Checking defaults for T1/cmr/m/n on input line 24.
LaTeX Font Info:    ... okay on input line 24.
LaTeX Font Info:    Checking defaults for TS1/cmr/m/n on input line 24.
LaTeX Font Info:    ... okay on input line 24.
LaTeX Font Info:    Checking defaults for OMX/cmex/m/n on input line 24.
LaTeX Font Info:    ... okay on input line 24.
LaTeX Font Info:    Checking defaults for U/cmr/m/n on input line 24.
LaTeX Font Info:    ... okay on input line 24.
LaTeX Font Info:    Checking defaults for PD1/pdf/m/n on input line 24.
LaTeX Font Info:    ... okay on input line 24.
LaTeX Font Info:    Checking defaults for LS1/stix/m/n on input line 24.
LaTeX Font Info:    Trying to load font information for LS1+stix on input line 
24.

(/usr/local/texlive/2020/texmf-dist/tex/latex/stix/ls1stix.fd
File: ls1stix.fd 2015/04/17 v1.1.2-latex STIX LS1 font definitions
)
LaTeX Font Info:    ... okay on input line 24.
LaTeX Font Info:    Checking defaults for LS2/stix/m/n on input line 24.
LaTeX Font Info:    Trying to load font information for LS2+stix on input line 
24.

(/usr/local/texlive/2020/texmf-dist/tex/latex/stix/ls2stix.fd
File: ls2stix.fd 2015/04/17 v1.1.2-latex STIX LS2 font definitions
)
LaTeX Font Info:    ... okay on input line 24.

(/usr/local/texlive/2020/texmf-dist/tex/context/base/mkii/supp-pdf.mkii
[Loading MPS to PDF converter (version 2006.09.02).]
\scratchcounter=\count427
\scratchdimen=\dimen320
\scratchbox=\box121
\nofMPsegments=\count428
\nofMParguments=\count429
\everyMPshowfont=\toks46
\MPscratchCnt=\count430
\MPscratchDim=\dimen321
\MPnumerator=\count431
\makeMPintoPDFobject=\count432
\everyMPtoPDFconversion=\toks47
) (/usr/local/texlive/2020/texmf-dist/tex/latex/epstopdf-pkg/epstopdf-base.sty
Package: epstopdf-base 2020-01-24 v2.11 Base part for package epstopdf
Package epstopdf-base Info: Redefining graphics rule for `.eps' on input line 4
85.

(/usr/local/texlive/2020/texmf-dist/tex/latex/latexconfig/epstopdf-sys.cfg
File: epstopdf-sys.cfg 2010/07/13 v1.3 Configuration of (r)epstopdf for TeX Liv
e
))
Package caption Info: Begin \AtBeginDocument code.
Package caption Info: hyperref package is loaded.
Package caption Info: listings package is loaded.
Package caption Info: wrapfig package is loaded.
Package caption Info: End \AtBeginDocument code.
\AtBeginShipoutBox=\box122
Package hyperref Info: Link coloring OFF on input line 24.

(/usr/local/texlive/2020/texmf-dist/tex/latex/hyperref/nameref.sty
Package: nameref 2019/09/16 v2.46 Cross-referencing by name of section

(/usr/local/texlive/2020/texmf-dist/tex/latex/refcount/refcount.sty
Package: refcount 2019/12/15 v3.6 Data extraction from label references (HO)
)
(/usr/local/texlive/2020/texmf-dist/tex/generic/gettitlestring/gettitlestring.s
ty
Package: gettitlestring 2019/12/15 v1.6 Cleanup title references (HO)
)
\c@section@level=\count433
)
LaTeX Info: Redefining \ref on input line 24.
LaTeX Info: Redefining \pageref on input line 24.
LaTeX Info: Redefining \nameref on input line 24.
 (/usr/local/texlive/2020/texmf-dist/tex/latex/setspace/setspace.sty
Package: setspace 2011/12/19 v6.7a set line spacing
)
*geometry* driver: auto-detecting
*geometry* detected driver: pdftex
*geometry* verbose mode - [ preamble ] result:
* driver: pdftex
* paper: custom
* layout: <same size as paper>
* layoutoffset:(h,v)=(0.0pt,0.0pt)
* hratio: 1:1
* vratio: 1:1
* modes: twoside 
* h-part:(L,W,R)=(45.0pt, 507.50787pt, 45.0pt)
* v-part:(T,H,B)=(57.5pt, 668.79605pt, 59.0pt)
* \paperwidth=597.50787pt
* \paperheight=785.29605pt
* \textwidth=507.50787pt
* \textheight=668.79605pt
* \oddsidemargin=-27.26999pt
* \evensidemargin=-27.26999pt
* \topmargin=-46.76999pt
* \headheight=21.0pt
* \headsep=11.0pt
* \topskip=6.0pt
* \footskip=48.5pt
* \marginparwidth=0.0pt
* \marginparsep=0.0pt
* \columnsep=0.0pt
* \skip\footins=18.0pt plus 2.0pt minus 2.0pt
* \hoffset=0.0pt
* \voffset=0.0pt
* \mag=1000
* \@twocolumnfalse
* \@twosidetrue
* \@mparswitchtrue
* \@reversemarginfalse
* (1in=72.27pt=25.4mm, 1cm=28.453pt)

\c@lstlisting=\count434
LaTeX Font Info:    Trying to load font information for LS1+stixscr on input li
ne 69.
(/usr/local/texlive/2020/texmf-dist/tex/latex/stix/ls1stixscr.fd
File: ls1stixscr.fd 2015/04/17 v1.1.2-latex STIX script LS1 font definitions
)
LaTeX Font Info:    Trying to load font information for LS2+stixex on input lin
e 69.

(/usr/local/texlive/2020/texmf-dist/tex/latex/stix/ls2stixex.fd
File: ls2stixex.fd 2015/04/17 v1.1.2-latex STIX extentions LS2 font definitions

)
LaTeX Font Info:    Trying to load font information for LS1+stixfrak on input l
ine 69.

(/usr/local/texlive/2020/texmf-dist/tex/latex/stix/ls1stixfrak.fd
File: ls1stixfrak.fd 2015/04/17 v1.1.2-latex STIX fraktur LS1 font definitions
)
LaTeX Font Info:    Trying to load font information for LS1+stixbb on input lin
e 69.

(/usr/local/texlive/2020/texmf-dist/tex/latex/stix/ls1stixbb.fd
File: ls1stixbb.fd 2015/04/17 v1.1.2-latex STIX blackboard LS1 font definitions

)
LaTeX Font Info:    Trying to load font information for LS2+stixcal on input li
ne 69.

(/usr/local/texlive/2020/texmf-dist/tex/latex/stix/ls2stixcal.fd
File: ls2stixcal.fd 2015/04/17 v1.1.2-latex STIX calligraphic LS2 font definiti
ons
)
LaTeX Font Info:    Trying to load font information for LS1+stixsf on input lin
e 69.

(/usr/local/texlive/2020/texmf-dist/tex/latex/stix/ls1stixsf.fd
File: ls1stixsf.fd 2015/04/17 v1.1.2-latex STIX sans-serif LS1 font definitions

)
LaTeX Font Info:    Trying to load font information for LS2+stixtt on input lin
e 69.

(/usr/local/texlive/2020/texmf-dist/tex/latex/stix/ls2stixtt.fd
File: ls2stixtt.fd 2015/04/17 v1.1.2-latex STIX typewriter LS2 font definitions

)
LaTeX Font Info:    Trying to load font information for U+msa on input line 69.


(/usr/local/texlive/2020/texmf-dist/tex/latex/amsfonts/umsa.fd
File: umsa.fd 2013/01/14 v3.01 AMS symbols A
)
LaTeX Font Info:    Trying to load font information for U+msb on input line 69.


(/usr/local/texlive/2020/texmf-dist/tex/latex/amsfonts/umsb.fd
File: umsb.fd 2013/01/14 v3.01 AMS symbols B
)
Overfull \hbox (346.99213pt too wide) in paragraph at lines 69--69
[][] | || []|[][] 
 []

LaTeX Font Info:    Calculating math sizes for size <10.03749> on input line 69
.

Overfull \vbox (6.46347pt too high) has occurred while \output is active []


[1{/usr/local/texlive/2020/texmf-var/fonts/map/pdftex/updmap/pdftex.map}

\openout3 = `bayes-SM-statmed.pag'.

]
Overfull \vbox (2.4078pt too high) has occurred while \output is active []


[2] [3]

LaTeX Font Warning: Command \boldmath invalid in math mode on input line 218.


LaTeX Font Warning: Command \mathversion invalid in math mode on input line 218
.


LaTeX Font Warning: Command \boldmath invalid in math mode on input line 220.


LaTeX Font Warning: Command \mathversion invalid in math mode on input line 220
.


LaTeX Font Warning: Command \boldmath invalid in math mode on input line 222.


LaTeX Font Warning: Command \mathversion invalid in math mode on input line 222
.


LaTeX Font Warning: Command \boldmath invalid in math mode on input line 222.


LaTeX Font Warning: Command \mathversion invalid in math mode on input line 222
.


LaTeX Font Warning: Command \boldmath invalid in math mode on input line 233.


LaTeX Font Warning: Command \mathversion invalid in math mode on input line 233
.


LaTeX Font Warning: Command \boldmath invalid in math mode on input line 233.


LaTeX Font Warning: Command \mathversion invalid in math mode on input line 233
.


LaTeX Font Warning: Command \boldmath invalid in math mode on input line 233.


LaTeX Font Warning: Command \mathversion invalid in math mode on input line 233
.


LaTeX Font Warning: Command \boldmath invalid in math mode on input line 233.


LaTeX Font Warning: Command \mathversion invalid in math mode on input line 233
.


LaTeX Font Warning: Command \boldmath invalid in math mode on input line 233.


LaTeX Font Warning: Command \mathversion invalid in math mode on input line 233
.


LaTeX Font Warning: Command \boldmath invalid in math mode on input line 233.


LaTeX Font Warning: Command \mathversion invalid in math mode on input line 233
.


LaTeX Font Warning: Command \boldmath invalid in math mode on input line 234.


LaTeX Font Warning: Command \mathversion invalid in math mode on input line 234
.


LaTeX Font Warning: Command \boldmath invalid in math mode on input line 241.


LaTeX Font Warning: Command \mathversion invalid in math mode on input line 241
.


LaTeX Font Warning: Command \boldmath invalid in math mode on input line 243.


LaTeX Font Warning: Command \mathversion invalid in math mode on input line 243
.


LaTeX Font Warning: Command \boldmath invalid in math mode on input line 251.


LaTeX Font Warning: Command \mathversion invalid in math mode on input line 251
.

[4] [5]

LaTeX Font Warning: Command \boldmath invalid in math mode on input line 376.


LaTeX Font Warning: Command \mathversion invalid in math mode on input line 376
.


LaTeX Font Warning: Command \boldmath invalid in math mode on input line 376.


LaTeX Font Warning: Command \mathversion invalid in math mode on input line 376
.

[6]

LaTeX Font Warning: Command \boldmath invalid in math mode on input line 387.


LaTeX Font Warning: Command \mathversion invalid in math mode on input line 387
.


LaTeX Font Warning: Command \boldmath invalid in math mode on input line 394.


LaTeX Font Warning: Command \mathversion invalid in math mode on input line 394
.

[7]
<figure1a.png, id=96, 1505.625pt x 1505.625pt>
File: figure1a.png Graphic file (type png)
<use figure1a.png>
Package pdftex.def Info: figure1a.png  used on input line 448.
(pdftex.def)             Requested size: 216.81pt x 216.80524pt.
<figure1b.png, id=98, 1505.625pt x 1505.625pt>
File: figure1b.png Graphic file (type png)
<use figure1b.png>
Package pdftex.def Info: figure1b.png  used on input line 449.
(pdftex.def)             Requested size: 216.81pt x 216.80524pt.
<figure1c.png, id=99, 1505.625pt x 1505.625pt>
File: figure1c.png Graphic file (type png)
<use figure1c.png>
Package pdftex.def Info: figure1c.png  used on input line 450.
(pdftex.def)             Requested size: 216.81pt x 216.80524pt.
<figure1d.png, id=100, 1505.625pt x 1505.625pt>
File: figure1d.png Graphic file (type png)
<use figure1d.png>
Package pdftex.def Info: figure1d.png  used on input line 451.
(pdftex.def)             Requested size: 216.81pt x 216.80524pt.
 [8] [9 <./figure1a.png> <./figure1b.png> <./figure1c.png> <./figure1d.png>]

LaTeX Font Warning: Command \boldmath invalid in math mode on input line 558.


LaTeX Font Warning: Command \mathversion invalid in math mode on input line 558
.

LaTeX Font Info:    Calculating math sizes for size <> on input line 559.
[10]
<figure5a_NEW.png, id=143, 1505.625pt x 1505.625pt>
File: figure5a_NEW.png Graphic file (type png)
<use figure5a_NEW.png>
Package pdftex.def Info: figure5a_NEW.png  used on input line 712.
(pdftex.def)             Requested size: 216.81pt x 216.80524pt.
<figure5b_NEW.png, id=144, 1505.625pt x 1505.625pt>
File: figure5b_NEW.png Graphic file (type png)
<use figure5b_NEW.png>
Package pdftex.def Info: figure5b_NEW.png  used on input line 713.
(pdftex.def)             Requested size: 216.81pt x 216.80524pt.
<figure5a.png, id=145, 3613.5pt x 1806.75pt>
File: figure5a.png Graphic file (type png)
<use figure5a.png>
Package pdftex.def Info: figure5a.png  used on input line 714.
(pdftex.def)             Requested size: 433.62pt x 216.80064pt.
 [11] [12 <./figure5a_NEW.png> <./figure5b_NEW.png> <./figure5a.png>]

LaTeX Font Warning: Command \boldmath invalid in math mode on input line 771.


LaTeX Font Warning: Command \mathversion invalid in math mode on input line 771
.


LaTeX Warning: Reference `eq:3partmix' on page 13 undefined on input line 784.

LaTeX Font Info:    Trying to load font information for T1+cmtt on input line 7
88.
(/usr/local/texlive/2020/texmf-dist/tex/latex/base/t1cmtt.fd
File: t1cmtt.fd 2019/12/16 v2.5j Standard LaTeX font definitions
)
<figure2a.png, id=169, 3161.8125pt x 2107.875pt>
File: figure2a.png Graphic file (type png)
<use figure2a.png>
Package pdftex.def Info: figure2a.png  used on input line 805.
(pdftex.def)             Requested size: 433.62pt x 289.05374pt.
<figure2b.png, id=170, 3161.8125pt x 2107.875pt>
File: figure2b.png Graphic file (type png)
<use figure2b.png>
Package pdftex.def Info: figure2b.png  used on input line 806.
(pdftex.def)             Requested size: 433.62pt x 289.05374pt.
 [13]
<figure3a.png, id=189, 3161.8125pt x 2107.875pt>
File: figure3a.png Graphic file (type png)
<use figure3a.png>
Package pdftex.def Info: figure3a.png  used on input line 861.
(pdftex.def)             Requested size: 433.62pt x 289.05374pt.
<figure3b.png, id=190, 3161.8125pt x 2107.875pt>
File: figure3b.png Graphic file (type png)
<use figure3b.png>
Package pdftex.def Info: figure3b.png  used on input line 862.
(pdftex.def)             Requested size: 433.62pt x 289.05374pt.
 [14]

LaTeX Font Warning: Command \boldmath invalid in math mode on input line 924.


LaTeX Font Warning: Command \mathversion invalid in math mode on input line 924
.

[15]
<3-part-compatibility-1.png, id=210, 3161.8125pt x 2107.875pt>
File: 3-part-compatibility-1.png Graphic file (type png)
<use 3-part-compatibility-1.png>
Package pdftex.def Info: 3-part-compatibility-1.png  used on input line 965.
(pdftex.def)             Requested size: 433.62pt x 289.05374pt.
<3-part-compatibility-2.png, id=211, 3161.8125pt x 2107.875pt>
File: 3-part-compatibility-2.png Graphic file (type png)
<use 3-part-compatibility-2.png>
Package pdftex.def Info: 3-part-compatibility-2.png  used on input line 966.
(pdftex.def)             Requested size: 433.62pt x 289.05374pt.
<figure6.png, id=215, 3161.8125pt x 2107.875pt>
File: figure6.png Graphic file (type png)
<use figure6.png>
Package pdftex.def Info: figure6.png  used on input line 991.
(pdftex.def)             Requested size: 433.62pt x 289.05374pt.
<figure6a.png, id=216, 3161.8125pt x 2107.875pt>
File: figure6a.png Graphic file (type png)
<use figure6a.png>
Package pdftex.def Info: figure6a.png  used on input line 992.
(pdftex.def)             Requested size: 433.62pt x 289.05374pt.

Underfull \hbox (badness 10000) in paragraph at lines 988--998

 []

[16] [17] (./bayes-SM-statmed.bbl [18]
Underfull \hbox (badness 4328) in paragraph at lines 78--82
[]\T1/stix/m/n/10.03749 Nadarajah S. A gen-er-al-ized nor-mal dis-tri-bu-tion. 
\T1/stix/m/it/10.03749 Jour-nal of Applied Statis-tics \T1/stix/m/n/10.03749 20
05; 32(7): 685--694.  []doi:
 []


Underfull \hbox (badness 1389) in paragraph at lines 90--96
[]\T1/stix/m/n/10.03749 Hyams J, Dama-raju L, Blank M, et al. Induc-tion and Ma
in-te-nance Ther-apy With Inflix-imab for Chil-dren With
 []

) [19] [20 <./figure2a.png> <./figure2b.png>] [21 <./figure3a.png> <./figure3b.
png>] [22 <./3-part-compatibility-1.png> <./3-part-compatibility-2.png>]
[23 <./figure6.png> <./figure6a.png>]
Package atveryend Info: Empty hook `BeforeClearDocument' on input line 1296.
 [24

]
Package atveryend Info: Empty hook `AfterLastShipout' on input line 1296.
 (./bayes-SM-statmed.aux)
Package atveryend Info: Executing hook `AtVeryEndDocument' on input line 1296.
Package atveryend Info: Empty hook `AtEndAfterFileList' on input line 1296.


LaTeX Warning: There were undefined references.

Package atveryend Info: Empty hook `AtVeryVeryEnd' on input line 1296.
 ) 
Here is how much of TeX's memory you used:
 16436 strings out of 480608
 231934 string characters out of 5903631
 492920 words of memory out of 5000000
 31882 multiletter control sequences out of 15000+600000
 664617 words of font info for 214 fonts, out of 8000000 for 9000
 1167 hyphenation exceptions out of 8191
 49i,12n,46p,1703b,453s stack positions out of 5000i,500n,10000p,200000b,80000s
{/usr/local/texlive/2020/texmf-dist/fonts/enc/dvips/cm-super/cm-super-t1.enc}
{/usr/local/texlive/2020/texmf-dist/fonts/enc/dvips/stix/stix-t1.enc}</usr/loca
l/texlive/2020/texmf-dist/fonts/type1/public/stix/STIXGeneral-Bold.pfb></usr/lo
cal/texlive/2020/texmf-dist/fonts/type1/public/stix/STIXGeneral-Italic.pfb></us
r/local/texlive/2020/texmf-dist/fonts/type1/public/stix/STIXGeneral-Regular.pfb
></usr/local/texlive/2020/texmf-dist/fonts/type1/public/cm-super/sftt1000.pfb><
/usr/local/texlive/2020/texmf-dist/fonts/type1/public/stix/stix-mathcal-bold.pf
b></usr/local/texlive/2020/texmf-dist/fonts/type1/public/stix/stix-mathcal.pfb>
</usr/local/texlive/2020/texmf-dist/fonts/type1/public/stix/stix-mathex-bold.pf
b></usr/local/texlive/2020/texmf-dist/fonts/type1/public/stix/stix-mathex.pfb><
/usr/local/texlive/2020/texmf-dist/fonts/type1/public/stix/stix-mathit-bold.pfb
></usr/local/texlive/2020/texmf-dist/fonts/type1/public/stix/stix-mathit.pfb></
usr/local/texlive/2020/texmf-dist/fonts/type1/public/stix/stix-mathrm-bold.pfb>
</usr/local/texlive/2020/texmf-dist/fonts/type1/public/stix/stix-mathrm.pfb></u
sr/local/texlive/2020/texmf-dist/fonts/type1/public/stix/stix-mathscr.pfb>
Output written on bayes-SM-statmed.pdf (24 pages, 2578793 bytes).
PDF statistics:
 446 PDF objects out of 1000 (max. 8388607)
 372 compressed objects within 4 object streams
 85 named destinations out of 1000 (max. 500000)
 308 words of extra memory for PDF output out of 10000 (max. 10000000)

