This is pdfTeX, Version 3.141592653-2.6-1.40.22 (TeX Live 2021) (preloaded format=pdflatex 2021.12.21)  14 JAN 2022 09:46
entering extended mode
 restricted \write18 enabled.
 %&-line parsing enabled.
**JBS-template.tex
(./JBS-template.tex
LaTeX2e <2020-10-01> patch level 4
L3 programming layer <2021-02-18>
(/usr/local/texlive/2021/texmf-dist/tex/latex/base/article.cls
Document Class: article 2020/04/10 v1.4m Standard LaTeX document class
(/usr/local/texlive/2021/texmf-dist/tex/latex/base/size12.clo
File: size12.clo 2020/04/10 v1.4m Standard LaTeX file (size option)
)
\c@part=\count179
\c@section=\count180
\c@subsection=\count181
\c@subsubsection=\count182
\c@paragraph=\count183
\c@subparagraph=\count184
\c@figure=\count185
\c@table=\count186
\abovecaptionskip=\skip47
\belowcaptionskip=\skip48
\bibindent=\dimen138
)
(/usr/local/texlive/2021/texmf-dist/tex/latex/amsmath/amsmath.sty
Package: amsmath 2020/09/23 v2.17i AMS math features
\@mathmargin=\skip49

For additional information on amsmath, use the `?' option.
(/usr/local/texlive/2021/texmf-dist/tex/latex/amsmath/amstext.sty
Package: amstext 2000/06/29 v2.01 AMS text

(/usr/local/texlive/2021/texmf-dist/tex/latex/amsmath/amsgen.sty
File: amsgen.sty 1999/11/30 v2.0 generic functions
\@emptytoks=\toks15
\ex@=\dimen139
))
(/usr/local/texlive/2021/texmf-dist/tex/latex/amsmath/amsbsy.sty
Package: amsbsy 1999/11/29 v1.2d Bold Symbols
\pmbraise@=\dimen140
)
(/usr/local/texlive/2021/texmf-dist/tex/latex/amsmath/amsopn.sty
Package: amsopn 2016/03/08 v2.02 operator names
)
\inf@bad=\count187
LaTeX Info: Redefining \frac on input line 234.
\uproot@=\count188
\leftroot@=\count189
LaTeX Info: Redefining \overline on input line 399.
\classnum@=\count190
\DOTSCASE@=\count191
LaTeX Info: Redefining \ldots on input line 496.
LaTeX Info: Redefining \dots on input line 499.
LaTeX Info: Redefining \cdots on input line 620.
\Mathstrutbox@=\box47
\strutbox@=\box48
\big@size=\dimen141
LaTeX Font Info:    Redeclaring font encoding OML on input line 743.
LaTeX Font Info:    Redeclaring font encoding OMS on input line 744.
\macc@depth=\count192
\c@MaxMatrixCols=\count193
\dotsspace@=\muskip16
\c@parentequation=\count194
\dspbrk@lvl=\count195
\tag@help=\toks16
\row@=\count196
\column@=\count197
\maxfields@=\count198
\andhelp@=\toks17
\eqnshift@=\dimen142
\alignsep@=\dimen143
\tagshift@=\dimen144
\tagwidth@=\dimen145
\totwidth@=\dimen146
\lineht@=\dimen147
\@envbody=\toks18
\multlinegap=\skip50
\multlinetaggap=\skip51
\mathdisplay@stack=\toks19
LaTeX Info: Redefining \[ on input line 2923.
LaTeX Info: Redefining \] on input line 2924.
)
(/usr/local/texlive/2021/texmf-dist/tex/latex/graphics/graphicx.sty
Package: graphicx 2020/09/09 v1.2b Enhanced LaTeX Graphics (DPC,SPQR)

(/usr/local/texlive/2021/texmf-dist/tex/latex/graphics/keyval.sty
Package: keyval 2014/10/28 v1.15 key=value parser (DPC)
\KV@toks@=\toks20
)
(/usr/local/texlive/2021/texmf-dist/tex/latex/graphics/graphics.sty
Package: graphics 2020/08/30 v1.4c Standard LaTeX Graphics (DPC,SPQR)

(/usr/local/texlive/2021/texmf-dist/tex/latex/graphics/trig.sty
Package: trig 2016/01/03 v1.10 sin cos tan (DPC)
)
(/usr/local/texlive/2021/texmf-dist/tex/latex/graphics-cfg/graphics.cfg
File: graphics.cfg 2016/06/04 v1.11 sample graphics configuration
)
Package graphics Info: Driver file: pdftex.def on input line 105.

(/usr/local/texlive/2021/texmf-dist/tex/latex/graphics-def/pdftex.def
File: pdftex.def 2020/10/05 v1.2a Graphics/color driver for pdftex
))
\Gin@req@height=\dimen148
\Gin@req@width=\dimen149
)
(/usr/local/texlive/2021/texmf-dist/tex/latex/psfrag/psfrag.sty
Package: psfrag 1998/04/11 v3.04 PSfrag (MCG)
\pfg@pcount=\count199
\pfg@scount=\count266
\pfg@temp=\write3
)
(/usr/local/texlive/2021/texmf-dist/tex/generic/epsf/epsf.sty
This is `epsf.tex' v2.7.4 <14 February 2011>
\epsffilein=\read2
\epsfframemargin=\dimen150
\epsfframethickness=\dimen151
\epsfrsize=\dimen152
\epsftmp=\dimen153
\epsftsize=\dimen154
\epsfxsize=\dimen155
\epsfysize=\dimen156
\pspoints=\dimen157
) (/usr/local/texlive/2021/texmf-dist/tex/latex/tools/enumerate.sty
Package: enumerate 2015/07/23 v3.00 enumerate extensions (DPC)
\@enLab=\toks21
)
(/usr/local/texlive/2021/texmf-dist/tex/latex/natbib/natbib.sty
Package: natbib 2010/09/13 8.31b (PWD, AO)
\bibhang=\skip52
\bibsep=\skip53
LaTeX Info: Redefining \cite on input line 694.
\c@NAT@ctr=\count267
)
(/usr/local/texlive/2021/texmf-dist/tex/latex/url/url.sty
\Urlmuskip=\muskip17
Package: url 2013/09/16  ver 3.4  Verb mode for urls, etc.
)
(/usr/local/texlive/2021/texmf-dist/tex/latex/graphics/color.sty
Package: color 2020/02/24 v1.2b Standard LaTeX Color (DPC)

(/usr/local/texlive/2021/texmf-dist/tex/latex/graphics-cfg/color.cfg
File: color.cfg 2016/01/02 v1.6 sample color configuration
)
Package color Info: Driver file: pdftex.def on input line 147.
)
(/usr/local/texlive/2021/texmf-dist/tex/latex/colortbl/colortbl.sty
Package: colortbl 2020/01/04 v1.0e Color table columns (DPC)

(/usr/local/texlive/2021/texmf-dist/tex/latex/tools/array.sty
Package: array 2020/10/01 v2.5c Tabular extension package (FMi)
\col@sep=\dimen158
\ar@mcellbox=\box49
\extrarowheight=\dimen159
\NC@list=\toks22
\extratabsurround=\skip54
\backup@length=\skip55
\ar@cellbox=\box50
)
\everycr=\toks23
\minrowclearance=\skip56
)
(/usr/local/texlive/2021/texmf-dist/tex/latex/booktabs/booktabs.sty
Package: booktabs 2020/01/12 v1.61803398 Publication quality tables
\heavyrulewidth=\dimen160
\lightrulewidth=\dimen161
\cmidrulewidth=\dimen162
\belowrulesep=\dimen163
\belowbottomsep=\dimen164
\aboverulesep=\dimen165
\abovetopsep=\dimen166
\cmidrulesep=\dimen167
\cmidrulekern=\dimen168
\defaultaddspace=\dimen169
\@cmidla=\count268
\@cmidlb=\count269
\@aboverulesep=\dimen170
\@belowrulesep=\dimen171
\@thisruleclass=\count270
\@lastruleclass=\count271
\@thisrulewidth=\dimen172
)
(/usr/local/texlive/2021/texmf-dist/tex/latex/geometry/geometry.sty
Package: geometry 2020/01/02 v5.9 Page Geometry

(/usr/local/texlive/2021/texmf-dist/tex/generic/iftex/ifvtex.sty
Package: ifvtex 2019/10/25 v1.7 ifvtex legacy package. Use iftex instead.

(/usr/local/texlive/2021/texmf-dist/tex/generic/iftex/iftex.sty
Package: iftex 2020/03/06 v1.0d TeX engine tests
))
\Gm@cnth=\count272
\Gm@cntv=\count273
\c@Gm@tempcnt=\count274
\Gm@bindingoffset=\dimen173
\Gm@wd@mp=\dimen174
\Gm@odd@mp=\dimen175
\Gm@even@mp=\dimen176
\Gm@layoutwidth=\dimen177
\Gm@layoutheight=\dimen178
\Gm@layouthoffset=\dimen179
\Gm@layoutvoffset=\dimen180
\Gm@dimlist=\toks24
)
(/usr/local/texlive/2021/texmf-dist/tex/generic/ulem/ulem.sty
\UL@box=\box51
\UL@hyphenbox=\box52
\UL@skip=\skip57
\UL@hook=\toks25
\UL@height=\dimen181
\UL@pe=\count275
\UL@pixel=\dimen182
\ULC@box=\box53
Package: ulem 2019/11/18
\ULdepth=\dimen183
)
(/usr/local/texlive/2021/texmf-dist/tex/latex/setspace/setspace.sty
Package: setspace 2011/12/19 v6.7a set line spacing
)
(/usr/local/texlive/2021/texmf-dist/tex/latex/amsfonts/amsfonts.sty
Package: amsfonts 2013/01/14 v3.01 Basic AMSFonts support
\symAMSa=\mathgroup4
\symAMSb=\mathgroup5
LaTeX Font Info:    Redeclaring math symbol \hbar on input line 98.
LaTeX Font Info:    Overwriting math alphabet `\mathfrak' in version `bold'
(Font)                  U/euf/m/n --> U/euf/b/n on input line 106.
)
(/usr/local/texlive/2021/texmf-dist/tex/latex/jknapltx/mathrsfs.sty
Package: mathrsfs 1996/01/01 Math RSFS package v1.0 (jk)
\symrsfs=\mathgroup6
)
(/usr/local/texlive/2021/texmf-dist/tex/latex/units/nicefrac.sty
Package: nicefrac 1998/08/04 v0.9b Nice fractions
\L@UnitsRaiseDisplaystyle=\skip58
\L@UnitsRaiseTextstyle=\skip59
\L@UnitsRaiseScriptstyle=\skip60

(/usr/local/texlive/2021/texmf-dist/tex/latex/base/ifthen.sty
Package: ifthen 2014/09/29 v1.1c Standard LaTeX ifthen package (DPC)
))
(/usr/local/texlive/2021/texmf-dist/tex/latex/multirow/multirow.sty
Package: multirow 2021/03/15 v2.8 Span multiple rows of a table
\multirow@colwidth=\skip61
\multirow@cntb=\count276
\multirow@dima=\skip62
\bigstrutjot=\dimen184
)
(/usr/local/texlive/2021/texmf-dist/tex/latex/l3backend/l3backend-pdftex.def
File: l3backend-pdftex.def 2021-03-18 L3 backend support: PDF output (pdfTeX)
\l__color_backend_stack_int=\count277
\l__pdf_internal_box=\box54
)
(./JBS-template.aux)
\openout1 = `JBS-template.aux'.

LaTeX Font Info:    Checking defaults for OML/cmm/m/it on input line 22.
LaTeX Font Info:    ... okay on input line 22.
LaTeX Font Info:    Checking defaults for OMS/cmsy/m/n on input line 22.
LaTeX Font Info:    ... okay on input line 22.
LaTeX Font Info:    Checking defaults for OT1/cmr/m/n on input line 22.
LaTeX Font Info:    ... okay on input line 22.
LaTeX Font Info:    Checking defaults for T1/cmr/m/n on input line 22.
LaTeX Font Info:    ... okay on input line 22.
LaTeX Font Info:    Checking defaults for TS1/cmr/m/n on input line 22.
LaTeX Font Info:    ... okay on input line 22.
LaTeX Font Info:    Checking defaults for OMX/cmex/m/n on input line 22.
LaTeX Font Info:    ... okay on input line 22.
LaTeX Font Info:    Checking defaults for U/cmr/m/n on input line 22.
LaTeX Font Info:    ... okay on input line 22.

(/usr/local/texlive/2021/texmf-dist/tex/context/base/mkii/supp-pdf.mkii
[Loading MPS to PDF converter (version 2006.09.02).]
\scratchcounter=\count278
\scratchdimen=\dimen185
\scratchbox=\box55
\nofMPsegments=\count279
\nofMParguments=\count280
\everyMPshowfont=\toks26
\MPscratchCnt=\count281
\MPscratchDim=\dimen186
\MPnumerator=\count282
\makeMPintoPDFobject=\count283
\everyMPtoPDFconversion=\toks27
) (/usr/local/texlive/2021/texmf-dist/tex/latex/epstopdf-pkg/epstopdf-base.sty
Package: epstopdf-base 2020-01-24 v2.11 Base part for package epstopdf
Package epstopdf-base Info: Redefining graphics rule for `.eps' on input line 4
85.

(/usr/local/texlive/2021/texmf-dist/tex/latex/latexconfig/epstopdf-sys.cfg
File: epstopdf-sys.cfg 2010/07/13 v1.3 Configuration of (r)epstopdf for TeX Liv
e
))
*geometry* driver: auto-detecting
*geometry* detected driver: pdftex
*geometry* verbose mode - [ preamble ] result:
* driver: pdftex
* paper: <default>
* layout: <same size as paper>
* layoutoffset:(h,v)=(0.0pt,0.0pt)
* modes: 
* h-part:(L,W,R)=(72.26999pt, 469.75502pt, 72.26999pt)
* v-part:(T,H,B)=(72.26999pt, 650.43001pt, 72.26999pt)
* \paperwidth=614.295pt
* \paperheight=794.96999pt
* \textwidth=469.75502pt
* \textheight=650.43001pt
* \oddsidemargin=0.0pt
* \evensidemargin=0.0pt
* \topmargin=-37.0pt
* \headheight=12.0pt
* \headsep=25.0pt
* \topskip=12.0pt
* \footskip=30.0pt
* \marginparwidth=44.0pt
* \marginparsep=10.0pt
* \columnsep=10.0pt
* \skip\footins=10.8pt plus 4.0pt minus 2.0pt
* \hoffset=0.0pt
* \voffset=0.0pt
* \mag=1000
* \@twocolumnfalse
* \@twosidefalse
* \@mparswitchfalse
* \@reversemarginfalse
* (1in=72.27pt=25.4mm, 1cm=28.453pt)

LaTeX Font Info:    Trying to load font information for U+msa on input line 30.

(/usr/local/texlive/2021/texmf-dist/tex/latex/amsfonts/umsa.fd
File: umsa.fd 2013/01/14 v3.01 AMS symbols A
)
LaTeX Font Info:    Trying to load font information for U+msb on input line 30.


(/usr/local/texlive/2021/texmf-dist/tex/latex/amsfonts/umsb.fd
File: umsb.fd 2013/01/14 v3.01 AMS symbols B
)
LaTeX Font Info:    Trying to load font information for U+rsfs on input line 30
.

(/usr/local/texlive/2021/texmf-dist/tex/latex/jknapltx/ursfs.fd
File: ursfs.fd 1998/03/24 rsfs font definition file (jk)
) [1
Non-PDF special ignored!
<special> header=psfrag.pro

{/usr/local/texlive/2021/texmf-var/fonts/map/pdftex/updmap/pdftex.map}]
[2] [3] [4] [5] [6] [7] [8] [9] [10] [11] [12] [13] [14] [15] [16] [17]
[18] [19] [20] [21] [22] [23] [24] [25] [26] (./JBS-template.bbl [27] [28]
Underfull \hbox (badness 10000) in paragraph at lines 86--87
[]\OT1/cmr/m/n/12 U.S. Congress. 2016. 21st Cen-tury Cures Act. H.R. 34, 114th 
Congress.
 []


Underfull \hbox (badness 10000) in paragraph at lines 86--87
\OT1/cmr/m/n/12 https://www.gpo.gov/fdsys/pkg/BILLS-114hr34enr/pdf/BILLS-114hr3
4enr.pdf. Ac-
 []

) [29] [30]
Overfull \hbox (51.00914pt too wide) in paragraph at lines 1044--1045
\OT1/cmr/m/n/12 has den-sity equal to $\OML/cmm/m/it/12 f\OT1/cmr/m/n/12 (\OML/
cmm/m/it/12 ^^R\OT1/cmr/m/n/12 ) = \OML/cmm/m/it/12 c \OMS/cmsy/m/n/12 ^^A [] [
] []$ \OT1/cmr/m/n/12 where $\OML/cmm/m/it/12 c \OT1/cmr/m/n/12 = []([])[]$. 
 []

[31] [32] [33]
Overfull \hbox (30.24498pt too wide) in paragraph at lines 1076--1088
 [][] 
 []

[34] [35]
<./figures/figure1a.png, id=126, 1505.625pt x 1505.625pt>
File: ./figures/figure1a.png Graphic file (type png)
<use ./figures/figure1a.png>
Package pdftex.def Info: ./figures/figure1a.png  used on input line 1158.
(pdftex.def)             Requested size: 216.81pt x 216.80524pt.
<./figures/figure1b.png, id=128, 1505.625pt x 1505.625pt>
File: ./figures/figure1b.png Graphic file (type png)
<use ./figures/figure1b.png>
Package pdftex.def Info: ./figures/figure1b.png  used on input line 1159.
(pdftex.def)             Requested size: 216.81pt x 216.80524pt.
<./figures/figure1c.png, id=129, 1505.625pt x 1505.625pt>
File: ./figures/figure1c.png Graphic file (type png)
<use ./figures/figure1c.png>
Package pdftex.def Info: ./figures/figure1c.png  used on input line 1160.
(pdftex.def)             Requested size: 216.81pt x 216.80524pt.
<./figures/figure1d.png, id=130, 1505.625pt x 1505.625pt>
File: ./figures/figure1d.png Graphic file (type png)
<use ./figures/figure1d.png>
Package pdftex.def Info: ./figures/figure1d.png  used on input line 1161.
(pdftex.def)             Requested size: 216.81pt x 216.80524pt.
 [36 <./figures/figure1a.png> <./figures/figure1b.png> <./figures/figure1c.png>
 <./figures/figure1d.png>]
<./figures/figure5a_NEW.png, id=138, 1505.625pt x 1505.625pt>
File: ./figures/figure5a_NEW.png Graphic file (type png)
<use ./figures/figure5a_NEW.png>
Package pdftex.def Info: ./figures/figure5a_NEW.png  used on input line 1171.
(pdftex.def)             Requested size: 216.81pt x 216.80524pt.
<./figures/figure5b_NEW.png, id=139, 1505.625pt x 1505.625pt>
File: ./figures/figure5b_NEW.png Graphic file (type png)
<use ./figures/figure5b_NEW.png>
Package pdftex.def Info: ./figures/figure5b_NEW.png  used on input line 1172.
(pdftex.def)             Requested size: 216.81pt x 216.80524pt.
<./figures/figure5a.png, id=140, 3613.5pt x 1806.75pt>
File: ./figures/figure5a.png Graphic file (type png)
<use ./figures/figure5a.png>
Package pdftex.def Info: ./figures/figure5a.png  used on input line 1173.
(pdftex.def)             Requested size: 433.62pt x 216.80064pt.
<./figures/figure2a.png, id=141, 3161.8125pt x 2107.875pt>
File: ./figures/figure2a.png Graphic file (type png)
<use ./figures/figure2a.png>
Package pdftex.def Info: ./figures/figure2a.png  used on input line 1194.
(pdftex.def)             Requested size: 433.62pt x 289.05374pt.
<./figures/figure2b.png, id=142, 3161.8125pt x 2107.875pt>
File: ./figures/figure2b.png Graphic file (type png)
<use ./figures/figure2b.png>
Package pdftex.def Info: ./figures/figure2b.png  used on input line 1195.
(pdftex.def)             Requested size: 433.62pt x 289.05374pt.
<./figures/figure3a.png, id=143, 3161.8125pt x 2107.875pt>
File: ./figures/figure3a.png Graphic file (type png)
<use ./figures/figure3a.png>
Package pdftex.def Info: ./figures/figure3a.png  used on input line 1204.
(pdftex.def)             Requested size: 433.62pt x 289.05374pt.
<./figures/figure3b.png, id=144, 3161.8125pt x 2107.875pt>
File: ./figures/figure3b.png Graphic file (type png)
<use ./figures/figure3b.png>
Package pdftex.def Info: ./figures/figure3b.png  used on input line 1205.
(pdftex.def)             Requested size: 433.62pt x 289.05374pt.


LaTeX Warning: Float too large for page by 12.67747pt on input line 1210.

<./figures/3-part-compatibility-2.png, id=145, 3161.8125pt x 2107.875pt>
File: ./figures/3-part-compatibility-2.png Graphic file (type png)
<use ./figures/3-part-compatibility-2.png>
Package pdftex.def Info: ./figures/3-part-compatibility-2.png  used on input li
ne 1214.
(pdftex.def)             Requested size: 433.62pt x 289.05374pt.
<./figures/figure6.png, id=146, 4065.1875pt x 2710.125pt>
File: ./figures/figure6.png Graphic file (type png)
<use ./figures/figure6.png>
Package pdftex.def Info: ./figures/figure6.png  used on input line 1215.
(pdftex.def)             Requested size: 433.62pt x 289.05833pt.

LaTeX Warning: Float too large for page by 26.51538pt on input line 1220.

<./figures/7A.png, id=147, 4065.1875pt x 2710.125pt>
File: ./figures/7A.png Graphic file (type png)
<use ./figures/7A.png>
Package pdftex.def Info: ./figures/7A.png  used on input line 1224.
(pdftex.def)             Requested size: 397.48499pt x 264.99081pt.
<./figures/7B.png, id=148, 4065.1875pt x 2710.125pt>
File: ./figures/7B.png Graphic file (type png)
<use ./figures/7B.png>
Package pdftex.def Info: ./figures/7B.png  used on input line 1225.
(pdftex.def)             Requested size: 397.48499pt x 264.99081pt.
<./figures/2dbayesp.png, id=149, 3011.25pt x 2409.0pt>
File: ./figures/2dbayesp.png Graphic file (type png)
<use ./figures/2dbayesp.png>
Package pdftex.def Info: ./figures/2dbayesp.png  used on input line 1234.
(pdftex.def)             Requested size: 383.03122pt x 306.41747pt.
<./figures/2dpostp.png, id=150, 3011.25pt x 2409.0pt>
File: ./figures/2dpostp.png Graphic file (type png)
<use ./figures/2dpostp.png>
Package pdftex.def Info: ./figures/2dpostp.png  used on input line 1235.
(pdftex.def)             Requested size: 383.03122pt x 306.41747pt.

LaTeX Warning: Float too large for page by 32.23824pt on input line 1239.

[37 <./figures/figure5a_NEW.png> <./figures/figure5b_NEW.png> <./figures/figure
5a.png>] [38 <./figures/figure2a.png> <./figures/figure2b.png>] [39 <./figures/
figure3a.png> <./figures/figure3b.png>] [40 <./figures/3-part-compatibility-2.p
ng> <./figures/figure6.png>] [41 <./figures/7A.png> <./figures/7B.png>]
[42 <./figures/2dbayesp.png> <./figures/2dpostp.png>]
Underfull \hbox (badness 10000) in paragraph at lines 1243--1256

 []


Underfull \hbox (badness 10000) in paragraph at lines 1243--1256

 []


Underfull \hbox (badness 10000) in paragraph at lines 1243--1256

 []


Underfull \hbox (badness 10000) in paragraph at lines 1243--1256

 []


Underfull \hbox (badness 10000) in paragraph at lines 1243--1256

 []


Underfull \hbox (badness 10000) in paragraph at lines 1243--1256

 []

[43] [44] (./JBS-template.aux) ) 
Here is how much of TeX's memory you used:
 3740 strings out of 478994
 53323 string characters out of 5858183
 359378 words of memory out of 5000000
 21132 multiletter control sequences out of 15000+600000
 411330 words of font info for 58 fonts, out of 8000000 for 9000
 1141 hyphenation exceptions out of 8191
 68i,12n,74p,1743b,288s stack positions out of 5000i,500n,10000p,200000b,80000s
</usr/local/texlive/2021/texmf-dist/fonts/type1
/public/amsfonts/cm/cmbx12.pfb></usr/local/texlive/2021/texmf-dist/fonts/type1/
public/amsfonts/cm/cmex10.pfb></usr/local/texlive/2021/texmf-dist/fonts/type1/p
ublic/amsfonts/cm/cmmi12.pfb></usr/local/texlive/2021/texmf-dist/fonts/type1/pu
blic/amsfonts/cm/cmmi6.pfb></usr/local/texlive/2021/texmf-dist/fonts/type1/publ
ic/amsfonts/cm/cmmi8.pfb></usr/local/texlive/2021/texmf-dist/fonts/type1/public
/amsfonts/cm/cmr12.pfb></usr/local/texlive/2021/texmf-dist/fonts/type1/public/a
msfonts/cm/cmr6.pfb></usr/local/texlive/2021/texmf-dist/fonts/type1/public/amsf
onts/cm/cmr8.pfb></usr/local/texlive/2021/texmf-dist/fonts/type1/public/amsfont
s/cm/cmsy10.pfb></usr/local/texlive/2021/texmf-dist/fonts/type1/public/amsfonts
/cm/cmsy6.pfb></usr/local/texlive/2021/texmf-dist/fonts/type1/public/amsfonts/c
m/cmsy8.pfb></usr/local/texlive/2021/texmf-dist/fonts/type1/public/amsfonts/cm/
cmti12.pfb></usr/local/texlive/2021/texmf-dist/fonts/type1/public/amsfonts/cm/c
mtt12.pfb>
Output written on JBS-template.pdf (44 pages, 3240566 bytes).
PDF statistics:
 235 PDF objects out of 1000 (max. 8388607)
 140 compressed objects within 2 object streams
 0 named destinations out of 1000 (max. 500000)
 86 words of extra memory for PDF output out of 10000 (max. 10000000)

